{"C:\\Users\\svnhu\\CS184-Remi\\team12-remi\\remi-app\\expo-env.d.ts": {"path":"C:\\Users\\svnhu\\CS184-Remi\\team12-remi\\remi-app\\expo-env.d.ts","statementMap":{},"fnMap":{},"branchMap":{},"s":{},"f":{},"b":{}}
,"C:\\Users\\svnhu\\CS184-Remi\\team12-remi\\remi-app\\firebaseConfig.ts": {"path":"C:\\Users\\svnhu\\CS184-Remi\\team12-remi\\remi-app\\firebaseConfig.ts","statementMap":{"0":{"start":{"line":15,"column":23},"end":{"line":23,"column":3}},"1":{"start":{"line":26,"column":25},"end":{"line":26,"column":54}},"2":{"start":{"line":29,"column":26},"end":{"line":29,"column":38}},"3":{"start":{"line":30,"column":29},"end":{"line":30,"column":46}},"4":{"start":{"line":31,"column":40},"end":{"line":31,"column":55}}},"fnMap":{},"branchMap":{},"s":{"0":0,"1":0,"2":0,"3":0,"4":0},"f":{},"b":{}}
,"C:\\Users\\svnhu\\CS184-Remi\\team12-remi\\remi-app\\.expo\\types\\router.d.ts": {"path":"C:\\Users\\svnhu\\CS184-Remi\\team12-remi\\remi-app\\.expo\\types\\router.d.ts","statementMap":{},"fnMap":{},"branchMap":{},"s":{},"f":{},"b":{}}
,"C:\\Users\\svnhu\\CS184-Remi\\team12-remi\\remi-app\\app\\_layout.tsx": {"path":"C:\\Users\\svnhu\\CS184-Remi\\team12-remi\\remi-app\\app\\_layout.tsx","statementMap":{"0":{"start":{"line":8,"column":42},"end":{"line":8,"column":56}},"1":{"start":{"line":9,"column":26},"end":{"line":9,"column":53}},"2":{"start":{"line":10,"column":17},"end":{"line":10,"column":28}},"3":{"start":{"line":11,"column":19},"end":{"line":11,"column":32}},"4":{"start":{"line":13,"column":27},"end":{"line":17,"column":3}},"5":{"start":{"line":14,"column":4},"end":{"line":14,"column":44}},"6":{"start":{"line":15,"column":4},"end":{"line":15,"column":18}},"7":{"start":{"line":16,"column":4},"end":{"line":16,"column":45}},"8":{"start":{"line":16,"column":22},"end":{"line":16,"column":45}},"9":{"start":{"line":19,"column":2},"end":{"line":22,"column":9}},"10":{"start":{"line":20,"column":23},"end":{"line":20,"column":65}},"11":{"start":{"line":21,"column":4},"end":{"line":21,"column":22}},"12":{"start":{"line":24,"column":2},"end":{"line":35,"column":27}},"13":{"start":{"line":25,"column":4},"end":{"line":25,"column":29}},"14":{"start":{"line":25,"column":22},"end":{"line":25,"column":29}},"15":{"start":{"line":27,"column":4},"end":{"line":27,"column":44}},"16":{"start":{"line":28,"column":24},"end":{"line":28,"column":60}},"17":{"start":{"line":30,"column":4},"end":{"line":34,"column":5}},"18":{"start":{"line":31,"column":6},"end":{"line":31,"column":38}},"19":{"start":{"line":32,"column":11},"end":{"line":34,"column":5}},"20":{"start":{"line":33,"column":6},"end":{"line":33,"column":26}},"21":{"start":{"line":37,"column":2},"end":{"line":49,"column":3}},"22":{"start":{"line":38,"column":4},"end":{"line":48,"column":6}},"23":{"start":{"line":51,"column":2},"end":{"line":74,"column":4}}},"fnMap":{"0":{"name":"RootLayout","decl":{"start":{"line":7,"column":24},"end":{"line":7,"column":34}},"loc":{"start":{"line":7,"column":37},"end":{"line":75,"column":1}},"line":7},"1":{"name":"(anonymous_1)","decl":{"start":{"line":13,"column":27},"end":{"line":13,"column":28}},"loc":{"start":{"line":13,"column":50},"end":{"line":17,"column":3}},"line":13},"2":{"name":"(anonymous_2)","decl":{"start":{"line":19,"column":12},"end":{"line":19,"column":13}},"loc":{"start":{"line":19,"column":18},"end":{"line":22,"column":3}},"line":19},"3":{"name":"(anonymous_3)","decl":{"start":{"line":24,"column":12},"end":{"line":24,"column":13}},"loc":{"start":{"line":24,"column":18},"end":{"line":35,"column":3}},"line":24}},"branchMap":{"0":{"loc":{"start":{"line":16,"column":4},"end":{"line":16,"column":45}},"type":"if","locations":[{"start":{"line":16,"column":4},"end":{"line":16,"column":45}},{"start":{},"end":{}}],"line":16},"1":{"loc":{"start":{"line":25,"column":4},"end":{"line":25,"column":29}},"type":"if","locations":[{"start":{"line":25,"column":4},"end":{"line":25,"column":29}},{"start":{},"end":{}}],"line":25},"2":{"loc":{"start":{"line":28,"column":24},"end":{"line":28,"column":60}},"type":"binary-expr","locations":[{"start":{"line":28,"column":24},"end":{"line":28,"column":32}},{"start":{"line":28,"column":36},"end":{"line":28,"column":60}}],"line":28},"3":{"loc":{"start":{"line":30,"column":4},"end":{"line":34,"column":5}},"type":"if","locations":[{"start":{"line":30,"column":4},"end":{"line":34,"column":5}},{"start":{"line":32,"column":11},"end":{"line":34,"column":5}}],"line":30},"4":{"loc":{"start":{"line":30,"column":8},"end":{"line":30,"column":28}},"type":"binary-expr","locations":[{"start":{"line":30,"column":8},"end":{"line":30,"column":12}},{"start":{"line":30,"column":16},"end":{"line":30,"column":28}}],"line":30},"5":{"loc":{"start":{"line":32,"column":11},"end":{"line":34,"column":5}},"type":"if","locations":[{"start":{"line":32,"column":11},"end":{"line":34,"column":5}},{"start":{},"end":{}}],"line":32},"6":{"loc":{"start":{"line":32,"column":15},"end":{"line":32,"column":35}},"type":"binary-expr","locations":[{"start":{"line":32,"column":15},"end":{"line":32,"column":20}},{"start":{"line":32,"column":24},"end":{"line":32,"column":35}}],"line":32},"7":{"loc":{"start":{"line":37,"column":2},"end":{"line":49,"column":3}},"type":"if","locations":[{"start":{"line":37,"column":2},"end":{"line":49,"column":3}},{"start":{},"end":{}}],"line":37}},"s":{"0":0,"1":0,"2":0,"3":0,"4":0,"5":0,"6":0,"7":0,"8":0,"9":0,"10":0,"11":0,"12":0,"13":0,"14":0,"15":0,"16":0,"17":0,"18":0,"19":0,"20":0,"21":0,"22":0,"23":0},"f":{"0":0,"1":0,"2":0,"3":0},"b":{"0":[0,0],"1":[0,0],"2":[0,0],"3":[0,0],"4":[0,0],"5":[0,0],"6":[0,0],"7":[0,0]}}
,"C:\\Users\\svnhu\\CS184-Remi\\team12-remi\\remi-app\\app\\index.tsx": {"path":"C:\\Users\\svnhu\\CS184-Remi\\team12-remi\\remi-app\\app\\index.tsx","statementMap":{"0":{"start":{"line":37,"column":17},"end":{"line":37,"column":28}},"1":{"start":{"line":38,"column":28},"end":{"line":38,"column":40}},"2":{"start":{"line":39,"column":34},"end":{"line":39,"column":46}},"3":{"start":{"line":40,"column":32},"end":{"line":40,"column":47}},"4":{"start":{"line":42,"column":17},"end":{"line":52,"column":3}},"5":{"start":{"line":43,"column":4},"end":{"line":43,"column":21}},"6":{"start":{"line":44,"column":4},"end":{"line":51,"column":5}},"7":{"start":{"line":45,"column":6},"end":{"line":45,"column":62}},"8":{"start":{"line":47,"column":18},"end":{"line":47,"column":36}},"9":{"start":{"line":48,"column":6},"end":{"line":48,"column":46}},"10":{"start":{"line":50,"column":6},"end":{"line":50,"column":24}},"11":{"start":{"line":54,"column":22},"end":{"line":59,"column":4}},"12":{"start":{"line":61,"column":2},"end":{"line":63,"column":3}},"13":{"start":{"line":62,"column":4},"end":{"line":62,"column":26}},"14":{"start":{"line":65,"column":2},"end":{"line":122,"column":4}},"15":{"start":{"line":111,"column":35},"end":{"line":111,"column":67}},"16":{"start":{"line":124,"column":15},"end":{"line":139,"column":2}}},"fnMap":{"0":{"name":"Index","decl":{"start":{"line":36,"column":24},"end":{"line":36,"column":29}},"loc":{"start":{"line":36,"column":32},"end":{"line":123,"column":1}},"line":36},"1":{"name":"(anonymous_1)","decl":{"start":{"line":42,"column":17},"end":{"line":42,"column":18}},"loc":{"start":{"line":42,"column":29},"end":{"line":52,"column":3}},"line":42},"2":{"name":"(anonymous_2)","decl":{"start":{"line":111,"column":29},"end":{"line":111,"column":30}},"loc":{"start":{"line":111,"column":35},"end":{"line":111,"column":67}},"line":111}},"branchMap":{"0":{"loc":{"start":{"line":61,"column":2},"end":{"line":63,"column":3}},"type":"if","locations":[{"start":{"line":61,"column":2},"end":{"line":63,"column":3}},{"start":{},"end":{}}],"line":61},"1":{"loc":{"start":{"line":101,"column":15},"end":{"line":116,"column":15}},"type":"cond-expr","locations":[{"start":{"line":102,"column":16},"end":{"line":102,"column":75}},{"start":{"line":104,"column":16},"end":{"line":115,"column":23}}],"line":101}},"s":{"0":0,"1":0,"2":0,"3":0,"4":0,"5":0,"6":0,"7":0,"8":0,"9":0,"10":0,"11":0,"12":0,"13":0,"14":0,"15":0,"16":0},"f":{"0":0,"1":0,"2":0},"b":{"0":[0,0],"1":[0,0]}}
,"C:\\Users\\svnhu\\CS184-Remi\\team12-remi\\remi-app\\app\\notifications.tsx": {"path":"C:\\Users\\svnhu\\CS184-Remi\\team12-remi\\remi-app\\app\\notifications.tsx","statementMap":{"0":{"start":{"line":35,"column":15},"end":{"line":176,"column":1}},"1":{"start":{"line":36,"column":15},"end":{"line":36,"column":31}},"2":{"start":{"line":37,"column":46},"end":{"line":37,"column":58}},"3":{"start":{"line":38,"column":17},"end":{"line":38,"column":28}},"4":{"start":{"line":40,"column":2},"end":{"line":59,"column":13}},"5":{"start":{"line":42,"column":4},"end":{"line":58,"column":5}},"6":{"start":{"line":43,"column":16},"end":{"line":47,"column":7}},"7":{"start":{"line":49,"column":26},"end":{"line":55,"column":8}},"8":{"start":{"line":50,"column":25},"end":{"line":53,"column":11}},"9":{"start":{"line":50,"column":53},"end":{"line":53,"column":9}},"10":{"start":{"line":54,"column":8},"end":{"line":54,"column":36}},"11":{"start":{"line":57,"column":6},"end":{"line":57,"column":33}},"12":{"start":{"line":57,"column":19},"end":{"line":57,"column":32}},"13":{"start":{"line":61,"column":23},"end":{"line":91,"column":3}},"14":{"start":{"line":62,"column":24},"end":{"line":62,"column":36}},"15":{"start":{"line":63,"column":26},"end":{"line":63,"column":37}},"16":{"start":{"line":65,"column":4},"end":{"line":90,"column":5}},"17":{"start":{"line":66,"column":24},"end":{"line":69,"column":7}},"18":{"start":{"line":70,"column":26},"end":{"line":70,"column":57}},"19":{"start":{"line":72,"column":23},"end":{"line":72,"column":47}},"20":{"start":{"line":73,"column":6},"end":{"line":77,"column":9}},"21":{"start":{"line":74,"column":8},"end":{"line":76,"column":11}},"22":{"start":{"line":79,"column":6},"end":{"line":81,"column":9}},"23":{"start":{"line":83,"column":6},"end":{"line":85,"column":9}},"24":{"start":{"line":87,"column":6},"end":{"line":87,"column":72}},"25":{"start":{"line":89,"column":6},"end":{"line":89,"column":62}},"26":{"start":{"line":93,"column":23},"end":{"line":102,"column":3}},"27":{"start":{"line":94,"column":4},"end":{"line":101,"column":5}},"28":{"start":{"line":95,"column":6},"end":{"line":97,"column":9}},"29":{"start":{"line":98,"column":6},"end":{"line":98,"column":45}},"30":{"start":{"line":100,"column":6},"end":{"line":100,"column":62}},"31":{"start":{"line":104,"column":32},"end":{"line":115,"column":3}},"32":{"start":{"line":105,"column":4},"end":{"line":114,"column":7}},"33":{"start":{"line":108,"column":23},"end":{"line":108,"column":44}},"34":{"start":{"line":112,"column":23},"end":{"line":112,"column":44}},"35":{"start":{"line":117,"column":2},"end":{"line":175,"column":4}},"36":{"start":{"line":127,"column":34},"end":{"line":127,"column":41}},"37":{"start":{"line":129,"column":12},"end":{"line":170,"column":19}},"38":{"start":{"line":151,"column":35},"end":{"line":151,"column":53}},"39":{"start":{"line":158,"column":35},"end":{"line":158,"column":53}},"40":{"start":{"line":178,"column":15},"end":{"line":251,"column":4}}},"fnMap":{"0":{"name":"(anonymous_0)","decl":{"start":{"line":35,"column":15},"end":{"line":35,"column":16}},"loc":{"start":{"line":35,"column":21},"end":{"line":176,"column":1}},"line":35},"1":{"name":"(anonymous_1)","decl":{"start":{"line":40,"column":12},"end":{"line":40,"column":13}},"loc":{"start":{"line":40,"column":18},"end":{"line":59,"column":3}},"line":40},"2":{"name":"(anonymous_2)","decl":{"start":{"line":49,"column":40},"end":{"line":49,"column":41}},"loc":{"start":{"line":49,"column":54},"end":{"line":55,"column":7}},"line":49},"3":{"name":"(anonymous_3)","decl":{"start":{"line":50,"column":43},"end":{"line":50,"column":44}},"loc":{"start":{"line":50,"column":53},"end":{"line":53,"column":9}},"line":50},"4":{"name":"(anonymous_4)","decl":{"start":{"line":57,"column":13},"end":{"line":57,"column":14}},"loc":{"start":{"line":57,"column":19},"end":{"line":57,"column":32}},"line":57},"5":{"name":"(anonymous_5)","decl":{"start":{"line":61,"column":23},"end":{"line":61,"column":24}},"loc":{"start":{"line":61,"column":42},"end":{"line":91,"column":3}},"line":61},"6":{"name":"(anonymous_6)","decl":{"start":{"line":73,"column":23},"end":{"line":73,"column":24}},"loc":{"start":{"line":73,"column":38},"end":{"line":77,"column":7}},"line":73},"7":{"name":"(anonymous_7)","decl":{"start":{"line":93,"column":23},"end":{"line":93,"column":24}},"loc":{"start":{"line":93,"column":42},"end":{"line":102,"column":3}},"line":93},"8":{"name":"(anonymous_8)","decl":{"start":{"line":104,"column":32},"end":{"line":104,"column":33}},"loc":{"start":{"line":104,"column":51},"end":{"line":115,"column":3}},"line":104},"9":{"name":"(anonymous_9)","decl":{"start":{"line":108,"column":17},"end":{"line":108,"column":18}},"loc":{"start":{"line":108,"column":23},"end":{"line":108,"column":44}},"line":108},"10":{"name":"(anonymous_10)","decl":{"start":{"line":112,"column":17},"end":{"line":112,"column":18}},"loc":{"start":{"line":112,"column":23},"end":{"line":112,"column":44}},"line":112},"11":{"name":"(anonymous_11)","decl":{"start":{"line":127,"column":24},"end":{"line":127,"column":25}},"loc":{"start":{"line":127,"column":34},"end":{"line":127,"column":41}},"line":127},"12":{"name":"(anonymous_12)","decl":{"start":{"line":128,"column":22},"end":{"line":128,"column":23}},"loc":{"start":{"line":129,"column":12},"end":{"line":170,"column":19}},"line":129},"13":{"name":"(anonymous_13)","decl":{"start":{"line":151,"column":29},"end":{"line":151,"column":30}},"loc":{"start":{"line":151,"column":35},"end":{"line":151,"column":53}},"line":151},"14":{"name":"(anonymous_14)","decl":{"start":{"line":158,"column":29},"end":{"line":158,"column":30}},"loc":{"start":{"line":158,"column":35},"end":{"line":158,"column":53}},"line":158}},"branchMap":{"0":{"loc":{"start":{"line":42,"column":4},"end":{"line":58,"column":5}},"type":"if","locations":[{"start":{"line":42,"column":4},"end":{"line":58,"column":5}},{"start":{},"end":{}}],"line":42},"1":{"loc":{"start":{"line":122,"column":7},"end":{"line":173,"column":7}},"type":"cond-expr","locations":[{"start":{"line":123,"column":8},"end":{"line":123,"column":61}},{"start":{"line":125,"column":8},"end":{"line":172,"column":10}}],"line":122}},"s":{"0":0,"1":0,"2":0,"3":0,"4":0,"5":0,"6":0,"7":0,"8":0,"9":0,"10":0,"11":0,"12":0,"13":0,"14":0,"15":0,"16":0,"17":0,"18":0,"19":0,"20":0,"21":0,"22":0,"23":0,"24":0,"25":0,"26":0,"27":0,"28":0,"29":0,"30":0,"31":0,"32":0,"33":0,"34":0,"35":0,"36":0,"37":0,"38":0,"39":0,"40":0},"f":{"0":0,"1":0,"2":0,"3":0,"4":0,"5":0,"6":0,"7":0,"8":0,"9":0,"10":0,"11":0,"12":0,"13":0,"14":0},"b":{"0":[0,0],"1":[0,0]}}
,"C:\\Users\\svnhu\\CS184-Remi\\team12-remi\\remi-app\\app\\poo.tsx": {"path":"C:\\Users\\svnhu\\CS184-Remi\\team12-remi\\remi-app\\app\\poo.tsx","statementMap":{"0":{"start":{"line":37,"column":17},"end":{"line":37,"column":28}},"1":{"start":{"line":38,"column":28},"end":{"line":38,"column":40}},"2":{"start":{"line":39,"column":34},"end":{"line":39,"column":46}},"3":{"start":{"line":40,"column":32},"end":{"line":40,"column":47}},"4":{"start":{"line":42,"column":17},"end":{"line":52,"column":3}},"5":{"start":{"line":43,"column":4},"end":{"line":43,"column":21}},"6":{"start":{"line":44,"column":4},"end":{"line":51,"column":5}},"7":{"start":{"line":45,"column":6},"end":{"line":45,"column":62}},"8":{"start":{"line":47,"column":18},"end":{"line":47,"column":36}},"9":{"start":{"line":48,"column":6},"end":{"line":48,"column":46}},"10":{"start":{"line":50,"column":6},"end":{"line":50,"column":24}},"11":{"start":{"line":54,"column":22},"end":{"line":59,"column":4}},"12":{"start":{"line":61,"column":2},"end":{"line":63,"column":3}},"13":{"start":{"line":62,"column":4},"end":{"line":62,"column":26}},"14":{"start":{"line":65,"column":2},"end":{"line":122,"column":4}},"15":{"start":{"line":111,"column":35},"end":{"line":111,"column":67}},"16":{"start":{"line":124,"column":15},"end":{"line":139,"column":2}}},"fnMap":{"0":{"name":"Index","decl":{"start":{"line":36,"column":24},"end":{"line":36,"column":29}},"loc":{"start":{"line":36,"column":32},"end":{"line":123,"column":1}},"line":36},"1":{"name":"(anonymous_1)","decl":{"start":{"line":42,"column":17},"end":{"line":42,"column":18}},"loc":{"start":{"line":42,"column":29},"end":{"line":52,"column":3}},"line":42},"2":{"name":"(anonymous_2)","decl":{"start":{"line":111,"column":29},"end":{"line":111,"column":30}},"loc":{"start":{"line":111,"column":35},"end":{"line":111,"column":67}},"line":111}},"branchMap":{"0":{"loc":{"start":{"line":61,"column":2},"end":{"line":63,"column":3}},"type":"if","locations":[{"start":{"line":61,"column":2},"end":{"line":63,"column":3}},{"start":{},"end":{}}],"line":61},"1":{"loc":{"start":{"line":101,"column":15},"end":{"line":116,"column":15}},"type":"cond-expr","locations":[{"start":{"line":102,"column":16},"end":{"line":102,"column":75}},{"start":{"line":104,"column":16},"end":{"line":115,"column":23}}],"line":101}},"s":{"0":0,"1":0,"2":0,"3":0,"4":0,"5":0,"6":0,"7":0,"8":0,"9":0,"10":0,"11":0,"12":0,"13":0,"14":0,"15":0,"16":0},"f":{"0":0,"1":0,"2":0},"b":{"0":[0,0],"1":[0,0]}}
,"C:\\Users\\svnhu\\CS184-Remi\\team12-remi\\remi-app\\app\\(auth)\\BookmarksTab.tsx": {"path":"C:\\Users\\svnhu\\CS184-Remi\\team12-remi\\remi-app\\app\\(auth)\\BookmarksTab.tsx","statementMap":{"0":{"start":{"line":13,"column":50},"end":{"line":19,"column":1}},"1":{"start":{"line":14,"column":2},"end":{"line":18,"column":4}}},"fnMap":{"0":{"name":"(anonymous_0)","decl":{"start":{"line":13,"column":50},"end":{"line":13,"column":51}},"loc":{"start":{"line":13,"column":71},"end":{"line":19,"column":1}},"line":13}},"branchMap":{},"s":{"0":0,"1":0},"f":{"0":0},"b":{}}
,"C:\\Users\\svnhu\\CS184-Remi\\team12-remi\\remi-app\\app\\(auth)\\HashtagsTab.tsx": {"path":"C:\\Users\\svnhu\\CS184-Remi\\team12-remi\\remi-app\\app\\(auth)\\HashtagsTab.tsx","statementMap":{"0":{"start":{"line":21,"column":20},"end":{"line":91,"column":1}},"1":{"start":{"line":22,"column":36},"end":{"line":22,"column":56}},"2":{"start":{"line":23,"column":28},"end":{"line":23,"column":54}},"3":{"start":{"line":24,"column":28},"end":{"line":24,"column":57}},"4":{"start":{"line":27,"column":27},"end":{"line":56,"column":3}},"5":{"start":{"line":28,"column":4},"end":{"line":32,"column":5}},"6":{"start":{"line":29,"column":6},"end":{"line":29,"column":48}},"7":{"start":{"line":30,"column":6},"end":{"line":30,"column":19}},"8":{"start":{"line":31,"column":6},"end":{"line":31,"column":13}},"9":{"start":{"line":34,"column":4},"end":{"line":34,"column":19}},"10":{"start":{"line":35,"column":4},"end":{"line":55,"column":5}},"11":{"start":{"line":36,"column":23},"end":{"line":36,"column":46}},"12":{"start":{"line":37,"column":23},"end":{"line":37,"column":46}},"13":{"start":{"line":40,"column":28},"end":{"line":45,"column":88}},"14":{"start":{"line":42,"column":23},"end":{"line":42,"column":59}},"15":{"start":{"line":43,"column":10},"end":{"line":43,"column":41}},"16":{"start":{"line":45,"column":26},"end":{"line":45,"column":87}},"17":{"start":{"line":47,"column":6},"end":{"line":47,"column":30}},"18":{"start":{"line":49,"column":6},"end":{"line":51,"column":7}},"19":{"start":{"line":50,"column":8},"end":{"line":50,"column":59}},"20":{"start":{"line":53,"column":6},"end":{"line":53,"column":40}},"21":{"start":{"line":54,"column":6},"end":{"line":54,"column":27}},"22":{"start":{"line":59,"column":23},"end":{"line":61,"column":3}},"23":{"start":{"line":60,"column":4},"end":{"line":60,"column":23}},"24":{"start":{"line":63,"column":2},"end":{"line":90,"column":4}},"25":{"start":{"line":80,"column":34},"end":{"line":80,"column":41}},"26":{"start":{"line":82,"column":12},"end":{"line":85,"column":19}},"27":{"start":{"line":93,"column":15},"end":{"line":130,"column":2}}},"fnMap":{"0":{"name":"(anonymous_0)","decl":{"start":{"line":21,"column":20},"end":{"line":21,"column":21}},"loc":{"start":{"line":21,"column":26},"end":{"line":91,"column":1}},"line":21},"1":{"name":"(anonymous_1)","decl":{"start":{"line":27,"column":27},"end":{"line":27,"column":28}},"loc":{"start":{"line":27,"column":39},"end":{"line":56,"column":3}},"line":27},"2":{"name":"(anonymous_2)","decl":{"start":{"line":41,"column":13},"end":{"line":41,"column":14}},"loc":{"start":{"line":41,"column":22},"end":{"line":44,"column":9}},"line":41},"3":{"name":"(anonymous_3)","decl":{"start":{"line":45,"column":16},"end":{"line":45,"column":17}},"loc":{"start":{"line":45,"column":26},"end":{"line":45,"column":87}},"line":45},"4":{"name":"(anonymous_4)","decl":{"start":{"line":59,"column":23},"end":{"line":59,"column":24}},"loc":{"start":{"line":59,"column":29},"end":{"line":61,"column":3}},"line":59},"5":{"name":"(anonymous_5)","decl":{"start":{"line":80,"column":24},"end":{"line":80,"column":25}},"loc":{"start":{"line":80,"column":34},"end":{"line":80,"column":41}},"line":80},"6":{"name":"(anonymous_6)","decl":{"start":{"line":81,"column":22},"end":{"line":81,"column":23}},"loc":{"start":{"line":82,"column":12},"end":{"line":85,"column":19}},"line":82}},"branchMap":{"0":{"loc":{"start":{"line":28,"column":4},"end":{"line":32,"column":5}},"type":"if","locations":[{"start":{"line":28,"column":4},"end":{"line":32,"column":5}},{"start":{},"end":{}}],"line":28},"1":{"loc":{"start":{"line":45,"column":26},"end":{"line":45,"column":87}},"type":"binary-expr","locations":[{"start":{"line":45,"column":26},"end":{"line":45,"column":39}},{"start":{"line":45,"column":43},"end":{"line":45,"column":87}}],"line":45},"2":{"loc":{"start":{"line":49,"column":6},"end":{"line":51,"column":7}},"type":"if","locations":[{"start":{"line":49,"column":6},"end":{"line":51,"column":7}},{"start":{},"end":{}}],"line":49},"3":{"loc":{"start":{"line":75,"column":7},"end":{"line":88,"column":7}},"type":"cond-expr","locations":[{"start":{"line":76,"column":8},"end":{"line":76,"column":53}},{"start":{"line":78,"column":8},"end":{"line":87,"column":10}}],"line":75}},"s":{"0":0,"1":0,"2":0,"3":0,"4":0,"5":0,"6":0,"7":0,"8":0,"9":0,"10":0,"11":0,"12":0,"13":0,"14":0,"15":0,"16":0,"17":0,"18":0,"19":0,"20":0,"21":0,"22":0,"23":0,"24":0,"25":0,"26":0,"27":0},"f":{"0":0,"1":0,"2":0,"3":0,"4":0,"5":0,"6":0},"b":{"0":[0,0],"1":[0,0],"2":[0,0],"3":[0,0]}}
,"C:\\Users\\svnhu\\CS184-Remi\\team12-remi\\remi-app\\app\\(auth)\\Next.tsx": {"path":"C:\\Users\\svnhu\\CS184-Remi\\team12-remi\\remi-app\\app\\(auth)\\Next.tsx","statementMap":{"0":{"start":{"line":33,"column":29},"end":{"line":65,"column":1}},"1":{"start":{"line":34,"column":2},"end":{"line":64,"column":3}},"2":{"start":{"line":35,"column":4},"end":{"line":35,"column":40}},"3":{"start":{"line":36,"column":4},"end":{"line":36,"column":65}},"4":{"start":{"line":36,"column":14},"end":{"line":36,"column":65}},"5":{"start":{"line":37,"column":21},"end":{"line":37,"column":37}},"6":{"start":{"line":38,"column":4},"end":{"line":38,"column":68}},"7":{"start":{"line":38,"column":22},"end":{"line":38,"column":68}},"8":{"start":{"line":39,"column":17},"end":{"line":39,"column":38}},"9":{"start":{"line":40,"column":23},"end":{"line":40,"column":63}},"10":{"start":{"line":41,"column":23},"end":{"line":41,"column":61}},"11":{"start":{"line":43,"column":4},"end":{"line":60,"column":7}},"12":{"start":{"line":44,"column":6},"end":{"line":59,"column":8}},"13":{"start":{"line":47,"column":10},"end":{"line":49,"column":12}},"14":{"start":{"line":52,"column":10},"end":{"line":52,"column":48}},"15":{"start":{"line":53,"column":10},"end":{"line":53,"column":24}},"16":{"start":{"line":56,"column":30},"end":{"line":56,"column":75}},"17":{"start":{"line":57,"column":10},"end":{"line":57,"column":31}},"18":{"start":{"line":62,"column":4},"end":{"line":62,"column":62}},"19":{"start":{"line":63,"column":4},"end":{"line":63,"column":16}},"20":{"start":{"line":68,"column":17},"end":{"line":68,"column":28}},"21":{"start":{"line":69,"column":17},"end":{"line":69,"column":47}},"22":{"start":{"line":71,"column":50},"end":{"line":71,"column":56}},"23":{"start":{"line":72,"column":28},"end":{"line":72,"column":49}},"24":{"start":{"line":73,"column":38},"end":{"line":73,"column":59}},"25":{"start":{"line":74,"column":26},"end":{"line":74,"column":46}},"26":{"start":{"line":75,"column":32},"end":{"line":75,"column":47}},"27":{"start":{"line":76,"column":42},"end":{"line":76,"column":54}},"28":{"start":{"line":78,"column":2},"end":{"line":87,"column":14}},"29":{"start":{"line":79,"column":4},"end":{"line":86,"column":5}},"30":{"start":{"line":80,"column":20},"end":{"line":80,"column":55}},"31":{"start":{"line":82,"column":6},"end":{"line":84,"column":7}},"32":{"start":{"line":83,"column":8},"end":{"line":83,"column":76}},"33":{"start":{"line":85,"column":6},"end":{"line":85,"column":31}},"34":{"start":{"line":89,"column":23},"end":{"line":136,"column":3}},"35":{"start":{"line":90,"column":4},"end":{"line":90,"column":56}},"36":{"start":{"line":91,"column":4},"end":{"line":94,"column":5}},"37":{"start":{"line":92,"column":6},"end":{"line":92,"column":39}},"38":{"start":{"line":93,"column":6},"end":{"line":93,"column":13}},"39":{"start":{"line":95,"column":4},"end":{"line":98,"column":5}},"40":{"start":{"line":96,"column":6},"end":{"line":96,"column":36}},"41":{"start":{"line":97,"column":6},"end":{"line":97,"column":13}},"42":{"start":{"line":99,"column":4},"end":{"line":102,"column":5}},"43":{"start":{"line":100,"column":6},"end":{"line":100,"column":48}},"44":{"start":{"line":101,"column":6},"end":{"line":101,"column":13}},"45":{"start":{"line":103,"column":4},"end":{"line":103,"column":21}},"46":{"start":{"line":104,"column":4},"end":{"line":135,"column":5}},"47":{"start":{"line":105,"column":21},"end":{"line":105,"column":23}},"48":{"start":{"line":107,"column":6},"end":{"line":111,"column":7}},"49":{"start":{"line":108,"column":8},"end":{"line":108,"column":34}},"50":{"start":{"line":109,"column":8},"end":{"line":109,"column":60}},"51":{"start":{"line":110,"column":8},"end":{"line":110,"column":30}},"52":{"start":{"line":112,"column":21},"end":{"line":112,"column":54}},"53":{"start":{"line":113,"column":6},"end":{"line":124,"column":9}},"54":{"start":{"line":126,"column":6},"end":{"line":126,"column":46}},"55":{"start":{"line":127,"column":6},"end":{"line":127,"column":19}},"56":{"start":{"line":128,"column":6},"end":{"line":128,"column":40}},"57":{"start":{"line":131,"column":8},"end":{"line":131,"column":68}},"58":{"start":{"line":132,"column":6},"end":{"line":132,"column":38}},"59":{"start":{"line":134,"column":6},"end":{"line":134,"column":24}},"60":{"start":{"line":138,"column":21},"end":{"line":142,"column":3}},"61":{"start":{"line":139,"column":4},"end":{"line":139,"column":18}},"62":{"start":{"line":140,"column":4},"end":{"line":140,"column":23}},"63":{"start":{"line":141,"column":4},"end":{"line":141,"column":16}},"64":{"start":{"line":144,"column":2},"end":{"line":202,"column":4}},"65":{"start":{"line":157,"column":38},"end":{"line":157,"column":53}},"66":{"start":{"line":172,"column":38},"end":{"line":172,"column":58}},"67":{"start":{"line":185,"column":38},"end":{"line":185,"column":52}},"68":{"start":{"line":205,"column":15},"end":{"line":275,"column":2}}},"fnMap":{"0":{"name":"(anonymous_0)","decl":{"start":{"line":33,"column":29},"end":{"line":33,"column":30}},"loc":{"start":{"line":33,"column":69},"end":{"line":65,"column":1}},"line":33},"1":{"name":"(anonymous_1)","decl":{"start":{"line":43,"column":23},"end":{"line":43,"column":24}},"loc":{"start":{"line":43,"column":44},"end":{"line":60,"column":5}},"line":43},"2":{"name":"(anonymous_2)","decl":{"start":{"line":46,"column":8},"end":{"line":46,"column":9}},"loc":{"start":{"line":46,"column":22},"end":{"line":50,"column":9}},"line":46},"3":{"name":"(anonymous_3)","decl":{"start":{"line":51,"column":8},"end":{"line":51,"column":9}},"loc":{"start":{"line":51,"column":19},"end":{"line":54,"column":9}},"line":51},"4":{"name":"(anonymous_4)","decl":{"start":{"line":55,"column":8},"end":{"line":55,"column":9}},"loc":{"start":{"line":55,"column":20},"end":{"line":58,"column":9}},"line":55},"5":{"name":"App","decl":{"start":{"line":67,"column":24},"end":{"line":67,"column":27}},"loc":{"start":{"line":67,"column":30},"end":{"line":203,"column":1}},"line":67},"6":{"name":"(anonymous_6)","decl":{"start":{"line":78,"column":12},"end":{"line":78,"column":13}},"loc":{"start":{"line":78,"column":18},"end":{"line":87,"column":3}},"line":78},"7":{"name":"(anonymous_7)","decl":{"start":{"line":89,"column":23},"end":{"line":89,"column":24}},"loc":{"start":{"line":89,"column":35},"end":{"line":136,"column":3}},"line":89},"8":{"name":"(anonymous_8)","decl":{"start":{"line":138,"column":21},"end":{"line":138,"column":22}},"loc":{"start":{"line":138,"column":27},"end":{"line":142,"column":3}},"line":138},"9":{"name":"(anonymous_9)","decl":{"start":{"line":157,"column":27},"end":{"line":157,"column":28}},"loc":{"start":{"line":157,"column":38},"end":{"line":157,"column":53}},"line":157},"10":{"name":"(anonymous_10)","decl":{"start":{"line":172,"column":27},"end":{"line":172,"column":28}},"loc":{"start":{"line":172,"column":38},"end":{"line":172,"column":58}},"line":172},"11":{"name":"(anonymous_11)","decl":{"start":{"line":185,"column":27},"end":{"line":185,"column":28}},"loc":{"start":{"line":185,"column":38},"end":{"line":185,"column":52}},"line":185}},"branchMap":{"0":{"loc":{"start":{"line":36,"column":4},"end":{"line":36,"column":65}},"type":"if","locations":[{"start":{"line":36,"column":4},"end":{"line":36,"column":65}},{"start":{},"end":{}}],"line":36},"1":{"loc":{"start":{"line":38,"column":4},"end":{"line":38,"column":68}},"type":"if","locations":[{"start":{"line":38,"column":4},"end":{"line":38,"column":68}},{"start":{},"end":{}}],"line":38},"2":{"loc":{"start":{"line":79,"column":4},"end":{"line":86,"column":5}},"type":"if","locations":[{"start":{"line":79,"column":4},"end":{"line":86,"column":5}},{"start":{},"end":{}}],"line":79},"3":{"loc":{"start":{"line":82,"column":6},"end":{"line":84,"column":7}},"type":"if","locations":[{"start":{"line":82,"column":6},"end":{"line":84,"column":7}},{"start":{},"end":{}}],"line":82},"4":{"loc":{"start":{"line":91,"column":4},"end":{"line":94,"column":5}},"type":"if","locations":[{"start":{"line":91,"column":4},"end":{"line":94,"column":5}},{"start":{},"end":{}}],"line":91},"5":{"loc":{"start":{"line":95,"column":4},"end":{"line":98,"column":5}},"type":"if","locations":[{"start":{"line":95,"column":4},"end":{"line":98,"column":5}},{"start":{},"end":{}}],"line":95},"6":{"loc":{"start":{"line":99,"column":4},"end":{"line":102,"column":5}},"type":"if","locations":[{"start":{"line":99,"column":4},"end":{"line":102,"column":5}},{"start":{},"end":{}}],"line":99},"7":{"loc":{"start":{"line":107,"column":6},"end":{"line":111,"column":7}},"type":"if","locations":[{"start":{"line":107,"column":6},"end":{"line":111,"column":7}},{"start":{},"end":{}}],"line":107},"8":{"loc":{"start":{"line":131,"column":8},"end":{"line":131,"column":68}},"type":"binary-expr","locations":[{"start":{"line":131,"column":8},"end":{"line":131,"column":40}},{"start":{"line":131,"column":44},"end":{"line":131,"column":68}}],"line":131},"9":{"loc":{"start":{"line":198,"column":17},"end":{"line":198,"column":60}},"type":"cond-expr","locations":[{"start":{"line":198,"column":27},"end":{"line":198,"column":42}},{"start":{"line":198,"column":45},"end":{"line":198,"column":60}}],"line":198}},"s":{"0":0,"1":0,"2":0,"3":0,"4":0,"5":0,"6":0,"7":0,"8":0,"9":0,"10":0,"11":0,"12":0,"13":0,"14":0,"15":0,"16":0,"17":0,"18":0,"19":0,"20":0,"21":0,"22":0,"23":0,"24":0,"25":0,"26":0,"27":0,"28":0,"29":0,"30":0,"31":0,"32":0,"33":0,"34":0,"35":0,"36":0,"37":0,"38":0,"39":0,"40":0,"41":0,"42":0,"43":0,"44":0,"45":0,"46":0,"47":0,"48":0,"49":0,"50":0,"51":0,"52":0,"53":0,"54":0,"55":0,"56":0,"57":0,"58":0,"59":0,"60":0,"61":0,"62":0,"63":0,"64":0,"65":0,"66":0,"67":0,"68":0},"f":{"0":0,"1":0,"2":0,"3":0,"4":0,"5":0,"6":0,"7":0,"8":0,"9":0,"10":0,"11":0},"b":{"0":[0,0],"1":[0,0],"2":[0,0],"3":[0,0],"4":[0,0],"5":[0,0],"6":[0,0],"7":[0,0],"8":[0,0],"9":[0,0]}}
,"C:\\Users\\svnhu\\CS184-Remi\\team12-remi\\remi-app\\app\\(auth)\\PostsTab.tsx": {"path":"C:\\Users\\svnhu\\CS184-Remi\\team12-remi\\remi-app\\app\\(auth)\\PostsTab.tsx","statementMap":{"0":{"start":{"line":48,"column":42},"end":{"line":115,"column":1}},"1":{"start":{"line":49,"column":28},"end":{"line":49,"column":56}},"2":{"start":{"line":50,"column":15},"end":{"line":50,"column":31}},"3":{"start":{"line":53,"column":24},"end":{"line":72,"column":3}},"4":{"start":{"line":54,"column":4},"end":{"line":71,"column":5}},"5":{"start":{"line":55,"column":23},"end":{"line":55,"column":46}},"6":{"start":{"line":56,"column":25},"end":{"line":60,"column":7}},"7":{"start":{"line":61,"column":28},"end":{"line":61,"column":53}},"8":{"start":{"line":62,"column":6},"end":{"line":62,"column":33}},"9":{"start":{"line":63,"column":28},"end":{"line":63,"column":71}},"10":{"start":{"line":63,"column":60},"end":{"line":63,"column":70}},"11":{"start":{"line":64,"column":6},"end":{"line":64,"column":30}},"12":{"start":{"line":66,"column":6},"end":{"line":70,"column":7}},"13":{"start":{"line":67,"column":8},"end":{"line":67,"column":72}},"14":{"start":{"line":69,"column":8},"end":{"line":69,"column":59}},"15":{"start":{"line":75,"column":2},"end":{"line":79,"column":9}},"16":{"start":{"line":76,"column":4},"end":{"line":76,"column":20}},"17":{"start":{"line":77,"column":21},"end":{"line":77,"column":54}},"18":{"start":{"line":78,"column":4},"end":{"line":78,"column":41}},"19":{"start":{"line":78,"column":17},"end":{"line":78,"column":40}},"20":{"start":{"line":81,"column":2},"end":{"line":114,"column":4}},"21":{"start":{"line":86,"column":28},"end":{"line":86,"column":55}},"22":{"start":{"line":88,"column":14},"end":{"line":108,"column":21}}},"fnMap":{"0":{"name":"(anonymous_0)","decl":{"start":{"line":48,"column":42},"end":{"line":48,"column":43}},"loc":{"start":{"line":48,"column":63},"end":{"line":115,"column":1}},"line":48},"1":{"name":"(anonymous_1)","decl":{"start":{"line":53,"column":24},"end":{"line":53,"column":25}},"loc":{"start":{"line":53,"column":36},"end":{"line":72,"column":3}},"line":53},"2":{"name":"(anonymous_2)","decl":{"start":{"line":63,"column":51},"end":{"line":63,"column":52}},"loc":{"start":{"line":63,"column":60},"end":{"line":63,"column":70}},"line":63},"3":{"name":"(anonymous_3)","decl":{"start":{"line":75,"column":12},"end":{"line":75,"column":13}},"loc":{"start":{"line":75,"column":18},"end":{"line":79,"column":3}},"line":75},"4":{"name":"(anonymous_4)","decl":{"start":{"line":78,"column":11},"end":{"line":78,"column":12}},"loc":{"start":{"line":78,"column":17},"end":{"line":78,"column":40}},"line":78},"5":{"name":"(anonymous_5)","decl":{"start":{"line":86,"column":18},"end":{"line":86,"column":19}},"loc":{"start":{"line":86,"column":28},"end":{"line":86,"column":55}},"line":86},"6":{"name":"(anonymous_6)","decl":{"start":{"line":87,"column":17},"end":{"line":87,"column":18}},"loc":{"start":{"line":88,"column":14},"end":{"line":108,"column":21}},"line":88}},"branchMap":{"0":{"loc":{"start":{"line":66,"column":6},"end":{"line":70,"column":7}},"type":"if","locations":[{"start":{"line":66,"column":6},"end":{"line":70,"column":7}},{"start":{"line":68,"column":13},"end":{"line":70,"column":7}}],"line":66},"1":{"loc":{"start":{"line":91,"column":26},"end":{"line":91,"column":52}},"type":"binary-expr","locations":[{"start":{"line":91,"column":26},"end":{"line":91,"column":37}},{"start":{"line":91,"column":41},"end":{"line":91,"column":52}}],"line":91},"2":{"loc":{"start":{"line":93,"column":20},"end":{"line":95,"column":44}},"type":"cond-expr","locations":[{"start":{"line":94,"column":24},"end":{"line":94,"column":48}},{"start":{"line":95,"column":24},"end":{"line":95,"column":44}}],"line":93},"3":{"loc":{"start":{"line":97,"column":25},"end":{"line":97,"column":45}},"type":"binary-expr","locations":[{"start":{"line":97,"column":25},"end":{"line":97,"column":40}},{"start":{"line":97,"column":44},"end":{"line":97,"column":45}}],"line":97},"4":{"loc":{"start":{"line":98,"column":28},"end":{"line":98,"column":46}},"type":"binary-expr","locations":[{"start":{"line":98,"column":28},"end":{"line":98,"column":41}},{"start":{"line":98,"column":45},"end":{"line":98,"column":46}}],"line":98},"5":{"loc":{"start":{"line":99,"column":30},"end":{"line":99,"column":61}},"type":"binary-expr","locations":[{"start":{"line":99,"column":30},"end":{"line":99,"column":40}},{"start":{"line":99,"column":44},"end":{"line":99,"column":61}}],"line":99},"6":{"loc":{"start":{"line":100,"column":25},"end":{"line":100,"column":42}},"type":"binary-expr","locations":[{"start":{"line":100,"column":25},"end":{"line":100,"column":35}},{"start":{"line":100,"column":39},"end":{"line":100,"column":42}}],"line":100},"7":{"loc":{"start":{"line":101,"column":30},"end":{"line":101,"column":50}},"type":"binary-expr","locations":[{"start":{"line":101,"column":30},"end":{"line":101,"column":45}},{"start":{"line":101,"column":49},"end":{"line":101,"column":50}}],"line":101},"8":{"loc":{"start":{"line":102,"column":24},"end":{"line":102,"column":38}},"type":"binary-expr","locations":[{"start":{"line":102,"column":24},"end":{"line":102,"column":33}},{"start":{"line":102,"column":37},"end":{"line":102,"column":38}}],"line":102},"9":{"loc":{"start":{"line":103,"column":27},"end":{"line":103,"column":55}},"type":"binary-expr","locations":[{"start":{"line":103,"column":27},"end":{"line":103,"column":39}},{"start":{"line":103,"column":43},"end":{"line":103,"column":55}}],"line":103},"10":{"loc":{"start":{"line":104,"column":28},"end":{"line":104,"column":53}},"type":"binary-expr","locations":[{"start":{"line":104,"column":28},"end":{"line":104,"column":41}},{"start":{"line":104,"column":45},"end":{"line":104,"column":53}}],"line":104},"11":{"loc":{"start":{"line":105,"column":28},"end":{"line":105,"column":47}},"type":"binary-expr","locations":[{"start":{"line":105,"column":28},"end":{"line":105,"column":41}},{"start":{"line":105,"column":45},"end":{"line":105,"column":47}}],"line":105}},"s":{"0":0,"1":0,"2":0,"3":0,"4":0,"5":0,"6":0,"7":0,"8":0,"9":0,"10":0,"11":0,"12":0,"13":0,"14":0,"15":0,"16":0,"17":0,"18":0,"19":0,"20":0,"21":0,"22":0},"f":{"0":0,"1":0,"2":0,"3":0,"4":0,"5":0,"6":0},"b":{"0":[0,0],"1":[0,0],"2":[0,0],"3":[0,0],"4":[0,0],"5":[0,0],"6":[0,0],"7":[0,0],"8":[0,0],"9":[0,0],"10":[0,0],"11":[0,0]}}
,"C:\\Users\\svnhu\\CS184-Remi\\team12-remi\\remi-app\\app\\(auth)\\UsersTab.tsx": {"path":"C:\\Users\\svnhu\\CS184-Remi\\team12-remi\\remi-app\\app\\(auth)\\UsersTab.tsx","statementMap":{"0":{"start":{"line":32,"column":42},"end":{"line":187,"column":1}},"1":{"start":{"line":33,"column":34},"end":{"line":33,"column":54}},"2":{"start":{"line":34,"column":48},"end":{"line":34,"column":68}},"3":{"start":{"line":35,"column":32},"end":{"line":35,"column":47}},"4":{"start":{"line":36,"column":54},"end":{"line":36,"column":76}},"5":{"start":{"line":37,"column":22},"end":{"line":37,"column":38}},"6":{"start":{"line":39,"column":2},"end":{"line":85,"column":20}},"7":{"start":{"line":40,"column":4},"end":{"line":43,"column":5}},"8":{"start":{"line":41,"column":6},"end":{"line":41,"column":45}},"9":{"start":{"line":42,"column":6},"end":{"line":42,"column":13}},"10":{"start":{"line":46,"column":23},"end":{"line":46,"column":60}},"11":{"start":{"line":47,"column":35},"end":{"line":57,"column":5}},"12":{"start":{"line":50,"column":8},"end":{"line":52,"column":9}},"13":{"start":{"line":51,"column":10},"end":{"line":51,"column":71}},"14":{"start":{"line":55,"column":8},"end":{"line":55,"column":61}},"15":{"start":{"line":60,"column":26},"end":{"line":77,"column":5}},"16":{"start":{"line":61,"column":30},"end":{"line":61,"column":57}},"17":{"start":{"line":62,"column":31},"end":{"line":74,"column":7}},"18":{"start":{"line":65,"column":28},"end":{"line":68,"column":23}},"19":{"start":{"line":65,"column":56},"end":{"line":68,"column":11}},"20":{"start":{"line":69,"column":10},"end":{"line":69,"column":33}},"21":{"start":{"line":72,"column":10},"end":{"line":72,"column":56}},"22":{"start":{"line":76,"column":6},"end":{"line":76,"column":30}},"23":{"start":{"line":79,"column":29},"end":{"line":79,"column":44}},"24":{"start":{"line":81,"column":4},"end":{"line":84,"column":6}},"25":{"start":{"line":82,"column":6},"end":{"line":82,"column":31}},"26":{"start":{"line":83,"column":6},"end":{"line":83,"column":25}},"27":{"start":{"line":88,"column":2},"end":{"line":103,"column":43}},"28":{"start":{"line":89,"column":4},"end":{"line":89,"column":29}},"29":{"start":{"line":89,"column":22},"end":{"line":89,"column":29}},"30":{"start":{"line":91,"column":4},"end":{"line":94,"column":5}},"31":{"start":{"line":92,"column":6},"end":{"line":92,"column":29}},"32":{"start":{"line":93,"column":6},"end":{"line":93,"column":13}},"33":{"start":{"line":96,"column":21},"end":{"line":101,"column":5}},"34":{"start":{"line":98,"column":8},"end":{"line":100,"column":73}},"35":{"start":{"line":102,"column":4},"end":{"line":102,"column":33}},"36":{"start":{"line":105,"column":23},"end":{"line":136,"column":3}},"37":{"start":{"line":106,"column":4},"end":{"line":106,"column":29}},"38":{"start":{"line":106,"column":22},"end":{"line":106,"column":29}},"39":{"start":{"line":108,"column":4},"end":{"line":135,"column":5}},"40":{"start":{"line":109,"column":31},"end":{"line":109,"column":62}},"41":{"start":{"line":110,"column":34},"end":{"line":115,"column":7}},"42":{"start":{"line":117,"column":28},"end":{"line":117,"column":62}},"43":{"start":{"line":119,"column":6},"end":{"line":125,"column":7}},"44":{"start":{"line":120,"column":8},"end":{"line":123,"column":10}},"45":{"start":{"line":124,"column":8},"end":{"line":124,"column":15}},"46":{"start":{"line":127,"column":6},"end":{"line":131,"column":9}},"47":{"start":{"line":132,"column":6},"end":{"line":132,"column":72}},"48":{"start":{"line":134,"column":6},"end":{"line":134,"column":52}},"49":{"start":{"line":138,"column":21},"end":{"line":156,"column":3}},"50":{"start":{"line":139,"column":28},"end":{"line":139,"column":67}},"51":{"start":{"line":141,"column":4},"end":{"line":155,"column":6}},"52":{"start":{"line":152,"column":48},"end":{"line":152,"column":66}},"53":{"start":{"line":158,"column":2},"end":{"line":166,"column":3}},"54":{"start":{"line":159,"column":4},"end":{"line":165,"column":6}},"55":{"start":{"line":168,"column":2},"end":{"line":174,"column":3}},"56":{"start":{"line":169,"column":4},"end":{"line":173,"column":6}},"57":{"start":{"line":176,"column":2},"end":{"line":186,"column":4}},"58":{"start":{"line":181,"column":14},"end":{"line":181,"column":69}},"59":{"start":{"line":189,"column":15},"end":{"line":227,"column":2}}},"fnMap":{"0":{"name":"(anonymous_0)","decl":{"start":{"line":32,"column":42},"end":{"line":32,"column":43}},"loc":{"start":{"line":32,"column":63},"end":{"line":187,"column":1}},"line":32},"1":{"name":"(anonymous_1)","decl":{"start":{"line":39,"column":12},"end":{"line":39,"column":13}},"loc":{"start":{"line":39,"column":18},"end":{"line":85,"column":3}},"line":39},"2":{"name":"(anonymous_2)","decl":{"start":{"line":49,"column":6},"end":{"line":49,"column":7}},"loc":{"start":{"line":49,"column":23},"end":{"line":53,"column":7}},"line":49},"3":{"name":"(anonymous_3)","decl":{"start":{"line":54,"column":6},"end":{"line":54,"column":7}},"loc":{"start":{"line":54,"column":17},"end":{"line":56,"column":7}},"line":54},"4":{"name":"(anonymous_4)","decl":{"start":{"line":60,"column":26},"end":{"line":60,"column":27}},"loc":{"start":{"line":60,"column":32},"end":{"line":77,"column":5}},"line":60},"5":{"name":"(anonymous_5)","decl":{"start":{"line":64,"column":8},"end":{"line":64,"column":9}},"loc":{"start":{"line":64,"column":22},"end":{"line":70,"column":9}},"line":64},"6":{"name":"(anonymous_6)","decl":{"start":{"line":65,"column":46},"end":{"line":65,"column":47}},"loc":{"start":{"line":65,"column":56},"end":{"line":68,"column":11}},"line":65},"7":{"name":"(anonymous_7)","decl":{"start":{"line":71,"column":8},"end":{"line":71,"column":9}},"loc":{"start":{"line":71,"column":19},"end":{"line":73,"column":9}},"line":71},"8":{"name":"(anonymous_8)","decl":{"start":{"line":81,"column":11},"end":{"line":81,"column":12}},"loc":{"start":{"line":81,"column":17},"end":{"line":84,"column":5}},"line":81},"9":{"name":"(anonymous_9)","decl":{"start":{"line":88,"column":12},"end":{"line":88,"column":13}},"loc":{"start":{"line":88,"column":18},"end":{"line":103,"column":3}},"line":88},"10":{"name":"(anonymous_10)","decl":{"start":{"line":97,"column":6},"end":{"line":97,"column":7}},"loc":{"start":{"line":98,"column":8},"end":{"line":100,"column":73}},"line":98},"11":{"name":"(anonymous_11)","decl":{"start":{"line":105,"column":23},"end":{"line":105,"column":24}},"loc":{"start":{"line":105,"column":45},"end":{"line":136,"column":3}},"line":105},"12":{"name":"(anonymous_12)","decl":{"start":{"line":138,"column":21},"end":{"line":138,"column":22}},"loc":{"start":{"line":138,"column":51},"end":{"line":156,"column":3}},"line":138},"13":{"name":"(anonymous_13)","decl":{"start":{"line":152,"column":42},"end":{"line":152,"column":43}},"loc":{"start":{"line":152,"column":48},"end":{"line":152,"column":66}},"line":152},"14":{"name":"(anonymous_14)","decl":{"start":{"line":180,"column":32},"end":{"line":180,"column":33}},"loc":{"start":{"line":181,"column":14},"end":{"line":181,"column":69}},"line":181}},"branchMap":{"0":{"loc":{"start":{"line":40,"column":4},"end":{"line":43,"column":5}},"type":"if","locations":[{"start":{"line":40,"column":4},"end":{"line":43,"column":5}},{"start":{},"end":{}}],"line":40},"1":{"loc":{"start":{"line":50,"column":8},"end":{"line":52,"column":9}},"type":"if","locations":[{"start":{"line":50,"column":8},"end":{"line":52,"column":9}},{"start":{},"end":{}}],"line":50},"2":{"loc":{"start":{"line":51,"column":32},"end":{"line":51,"column":69}},"type":"binary-expr","locations":[{"start":{"line":51,"column":32},"end":{"line":51,"column":63}},{"start":{"line":51,"column":67},"end":{"line":51,"column":69}}],"line":51},"3":{"loc":{"start":{"line":89,"column":4},"end":{"line":89,"column":29}},"type":"if","locations":[{"start":{"line":89,"column":4},"end":{"line":89,"column":29}},{"start":{},"end":{}}],"line":89},"4":{"loc":{"start":{"line":91,"column":4},"end":{"line":94,"column":5}},"type":"if","locations":[{"start":{"line":91,"column":4},"end":{"line":94,"column":5}},{"start":{},"end":{}}],"line":91},"5":{"loc":{"start":{"line":98,"column":8},"end":{"line":100,"column":73}},"type":"binary-expr","locations":[{"start":{"line":98,"column":8},"end":{"line":98,"column":42}},{"start":{"line":99,"column":9},"end":{"line":99,"column":74}},{"start":{"line":100,"column":10},"end":{"line":100,"column":72}}],"line":98},"6":{"loc":{"start":{"line":106,"column":4},"end":{"line":106,"column":29}},"type":"if","locations":[{"start":{"line":106,"column":4},"end":{"line":106,"column":29}},{"start":{},"end":{}}],"line":106},"7":{"loc":{"start":{"line":119,"column":6},"end":{"line":125,"column":7}},"type":"if","locations":[{"start":{"line":119,"column":6},"end":{"line":125,"column":7}},{"start":{},"end":{}}],"line":119},"8":{"loc":{"start":{"line":145,"column":9},"end":{"line":153,"column":9}},"type":"cond-expr","locations":[{"start":{"line":146,"column":10},"end":{"line":150,"column":17}},{"start":{"line":152,"column":10},"end":{"line":152,"column":70}}],"line":145},"9":{"loc":{"start":{"line":158,"column":2},"end":{"line":166,"column":3}},"type":"if","locations":[{"start":{"line":158,"column":2},"end":{"line":166,"column":3}},{"start":{},"end":{}}],"line":158},"10":{"loc":{"start":{"line":168,"column":2},"end":{"line":174,"column":3}},"type":"if","locations":[{"start":{"line":168,"column":2},"end":{"line":174,"column":3}},{"start":{},"end":{}}],"line":168},"11":{"loc":{"start":{"line":179,"column":9},"end":{"line":183,"column":79}},"type":"cond-expr","locations":[{"start":{"line":180,"column":12},"end":{"line":182,"column":14}},{"start":{"line":183,"column":12},"end":{"line":183,"column":79}}],"line":179},"12":{"loc":{"start":{"line":183,"column":12},"end":{"line":183,"column":79}},"type":"binary-expr","locations":[{"start":{"line":183,"column":12},"end":{"line":183,"column":23}},{"start":{"line":183,"column":27},"end":{"line":183,"column":79}}],"line":183}},"s":{"0":0,"1":0,"2":0,"3":0,"4":0,"5":0,"6":0,"7":0,"8":0,"9":0,"10":0,"11":0,"12":0,"13":0,"14":0,"15":0,"16":0,"17":0,"18":0,"19":0,"20":0,"21":0,"22":0,"23":0,"24":0,"25":0,"26":0,"27":0,"28":0,"29":0,"30":0,"31":0,"32":0,"33":0,"34":0,"35":0,"36":0,"37":0,"38":0,"39":0,"40":0,"41":0,"42":0,"43":0,"44":0,"45":0,"46":0,"47":0,"48":0,"49":0,"50":0,"51":0,"52":0,"53":0,"54":0,"55":0,"56":0,"57":0,"58":0,"59":0},"f":{"0":0,"1":0,"2":0,"3":0,"4":0,"5":0,"6":0,"7":0,"8":0,"9":0,"10":0,"11":0,"12":0,"13":0,"14":0},"b":{"0":[0,0],"1":[0,0],"2":[0,0],"3":[0,0],"4":[0,0],"5":[0,0,0],"6":[0,0],"7":[0,0],"8":[0,0],"9":[0,0],"10":[0,0],"11":[0,0],"12":[0,0]}}
,"C:\\Users\\svnhu\\CS184-Remi\\team12-remi\\remi-app\\app\\(auth)\\_layout.tsx": {"path":"C:\\Users\\svnhu\\CS184-Remi\\team12-remi\\remi-app\\app\\(auth)\\_layout.tsx","statementMap":{"0":{"start":{"line":7,"column":19},"end":{"line":50,"column":1}},"1":{"start":{"line":8,"column":42},"end":{"line":8,"column":56}},"2":{"start":{"line":9,"column":26},"end":{"line":9,"column":53}},"3":{"start":{"line":10,"column":17},"end":{"line":10,"column":28}},"4":{"start":{"line":11,"column":19},"end":{"line":11,"column":32}},"5":{"start":{"line":13,"column":27},"end":{"line":19,"column":3}},"6":{"start":{"line":14,"column":4},"end":{"line":14,"column":44}},"7":{"start":{"line":15,"column":4},"end":{"line":15,"column":26}},"8":{"start":{"line":17,"column":4},"end":{"line":17,"column":18}},"9":{"start":{"line":18,"column":4},"end":{"line":18,"column":45}},"10":{"start":{"line":18,"column":22},"end":{"line":18,"column":45}},"11":{"start":{"line":21,"column":2},"end":{"line":24,"column":9}},"12":{"start":{"line":22,"column":23},"end":{"line":22,"column":65}},"13":{"start":{"line":23,"column":4},"end":{"line":23,"column":22}},"14":{"start":{"line":26,"column":2},"end":{"line":39,"column":27}},"15":{"start":{"line":27,"column":4},"end":{"line":27,"column":29}},"16":{"start":{"line":27,"column":22},"end":{"line":27,"column":29}},"17":{"start":{"line":30,"column":4},"end":{"line":30,"column":51}},"18":{"start":{"line":32,"column":24},"end":{"line":32,"column":60}},"19":{"start":{"line":34,"column":4},"end":{"line":38,"column":5}},"20":{"start":{"line":35,"column":6},"end":{"line":35,"column":31}},"21":{"start":{"line":36,"column":11},"end":{"line":38,"column":5}},"22":{"start":{"line":37,"column":6},"end":{"line":37,"column":26}},"23":{"start":{"line":40,"column":2},"end":{"line":49,"column":4}}},"fnMap":{"0":{"name":"(anonymous_0)","decl":{"start":{"line":7,"column":19},"end":{"line":7,"column":20}},"loc":{"start":{"line":7,"column":25},"end":{"line":50,"column":1}},"line":7},"1":{"name":"(anonymous_1)","decl":{"start":{"line":13,"column":27},"end":{"line":13,"column":28}},"loc":{"start":{"line":13,"column":50},"end":{"line":19,"column":3}},"line":13},"2":{"name":"(anonymous_2)","decl":{"start":{"line":21,"column":12},"end":{"line":21,"column":13}},"loc":{"start":{"line":21,"column":18},"end":{"line":24,"column":3}},"line":21},"3":{"name":"(anonymous_3)","decl":{"start":{"line":26,"column":12},"end":{"line":26,"column":13}},"loc":{"start":{"line":26,"column":18},"end":{"line":39,"column":3}},"line":26}},"branchMap":{"0":{"loc":{"start":{"line":18,"column":4},"end":{"line":18,"column":45}},"type":"if","locations":[{"start":{"line":18,"column":4},"end":{"line":18,"column":45}},{"start":{},"end":{}}],"line":18},"1":{"loc":{"start":{"line":27,"column":4},"end":{"line":27,"column":29}},"type":"if","locations":[{"start":{"line":27,"column":4},"end":{"line":27,"column":29}},{"start":{},"end":{}}],"line":27},"2":{"loc":{"start":{"line":32,"column":24},"end":{"line":32,"column":60}},"type":"binary-expr","locations":[{"start":{"line":32,"column":24},"end":{"line":32,"column":32}},{"start":{"line":32,"column":36},"end":{"line":32,"column":60}}],"line":32},"3":{"loc":{"start":{"line":34,"column":4},"end":{"line":38,"column":5}},"type":"if","locations":[{"start":{"line":34,"column":4},"end":{"line":38,"column":5}},{"start":{"line":36,"column":11},"end":{"line":38,"column":5}}],"line":34},"4":{"loc":{"start":{"line":34,"column":8},"end":{"line":34,"column":28}},"type":"binary-expr","locations":[{"start":{"line":34,"column":8},"end":{"line":34,"column":12}},{"start":{"line":34,"column":16},"end":{"line":34,"column":28}}],"line":34},"5":{"loc":{"start":{"line":36,"column":11},"end":{"line":38,"column":5}},"type":"if","locations":[{"start":{"line":36,"column":11},"end":{"line":38,"column":5}},{"start":{},"end":{}}],"line":36},"6":{"loc":{"start":{"line":36,"column":15},"end":{"line":36,"column":35}},"type":"binary-expr","locations":[{"start":{"line":36,"column":15},"end":{"line":36,"column":20}},{"start":{"line":36,"column":24},"end":{"line":36,"column":35}}],"line":36}},"s":{"0":0,"1":0,"2":0,"3":0,"4":0,"5":0,"6":0,"7":0,"8":0,"9":0,"10":0,"11":0,"12":0,"13":0,"14":0,"15":0,"16":0,"17":0,"18":0,"19":0,"20":0,"21":0,"22":0,"23":0},"f":{"0":0,"1":0,"2":0,"3":0},"b":{"0":[0,0],"1":[0,0],"2":[0,0],"3":[0,0],"4":[0,0],"5":[0,0],"6":[0,0]}}
,"C:\\Users\\svnhu\\CS184-Remi\\team12-remi\\remi-app\\app\\(auth)\\register.tsx": {"path":"C:\\Users\\svnhu\\CS184-Remi\\team12-remi\\remi-app\\app\\(auth)\\register.tsx","statementMap":{"0":{"start":{"line":26,"column":28},"end":{"line":26,"column":40}},"1":{"start":{"line":27,"column":34},"end":{"line":27,"column":46}},"2":{"start":{"line":28,"column":34},"end":{"line":28,"column":46}},"3":{"start":{"line":29,"column":32},"end":{"line":29,"column":47}},"4":{"start":{"line":31,"column":32},"end":{"line":37,"column":3}},"5":{"start":{"line":32,"column":21},"end":{"line":32,"column":48}},"6":{"start":{"line":33,"column":14},"end":{"line":33,"column":64}},"7":{"start":{"line":34,"column":26},"end":{"line":34,"column":42}},"8":{"start":{"line":36,"column":4},"end":{"line":36,"column":32}},"9":{"start":{"line":39,"column":17},"end":{"line":76,"column":3}},"10":{"start":{"line":40,"column":4},"end":{"line":40,"column":21}},"11":{"start":{"line":41,"column":4},"end":{"line":75,"column":5}},"12":{"start":{"line":42,"column":29},"end":{"line":42,"column":66}},"13":{"start":{"line":43,"column":6},"end":{"line":47,"column":7}},"14":{"start":{"line":44,"column":8},"end":{"line":44,"column":75}},"15":{"start":{"line":45,"column":8},"end":{"line":45,"column":26}},"16":{"start":{"line":46,"column":8},"end":{"line":46,"column":15}},"17":{"start":{"line":49,"column":29},"end":{"line":53,"column":7}},"18":{"start":{"line":54,"column":19},"end":{"line":54,"column":38}},"19":{"start":{"line":56,"column":6},"end":{"line":61,"column":9}},"20":{"start":{"line":63,"column":6},"end":{"line":63,"column":45}},"21":{"start":{"line":65,"column":18},"end":{"line":65,"column":36}},"22":{"start":{"line":66,"column":6},"end":{"line":72,"column":7}},"23":{"start":{"line":67,"column":8},"end":{"line":69,"column":10}},"24":{"start":{"line":71,"column":8},"end":{"line":71,"column":53}},"25":{"start":{"line":74,"column":6},"end":{"line":74,"column":24}},"26":{"start":{"line":78,"column":2},"end":{"line":116,"column":4}},"27":{"start":{"line":119,"column":15},"end":{"line":134,"column":2}}},"fnMap":{"0":{"name":"Register","decl":{"start":{"line":25,"column":24},"end":{"line":25,"column":32}},"loc":{"start":{"line":25,"column":35},"end":{"line":117,"column":1}},"line":25},"1":{"name":"(anonymous_1)","decl":{"start":{"line":31,"column":32},"end":{"line":31,"column":33}},"loc":{"start":{"line":31,"column":60},"end":{"line":37,"column":3}},"line":31},"2":{"name":"(anonymous_2)","decl":{"start":{"line":39,"column":17},"end":{"line":39,"column":18}},"loc":{"start":{"line":39,"column":29},"end":{"line":76,"column":3}},"line":39}},"branchMap":{"0":{"loc":{"start":{"line":43,"column":6},"end":{"line":47,"column":7}},"type":"if","locations":[{"start":{"line":43,"column":6},"end":{"line":47,"column":7}},{"start":{},"end":{}}],"line":43},"1":{"loc":{"start":{"line":66,"column":6},"end":{"line":72,"column":7}},"type":"if","locations":[{"start":{"line":66,"column":6},"end":{"line":72,"column":7}},{"start":{"line":70,"column":13},"end":{"line":72,"column":7}}],"line":66},"2":{"loc":{"start":{"line":109,"column":9},"end":{"line":113,"column":9}},"type":"cond-expr","locations":[{"start":{"line":110,"column":10},"end":{"line":110,"column":69}},{"start":{"line":112,"column":10},"end":{"line":112,"column":76}}],"line":109}},"s":{"0":0,"1":0,"2":0,"3":0,"4":0,"5":0,"6":0,"7":0,"8":0,"9":0,"10":0,"11":0,"12":0,"13":0,"14":0,"15":0,"16":0,"17":0,"18":0,"19":0,"20":0,"21":0,"22":0,"23":0,"24":0,"25":0,"26":0,"27":0},"f":{"0":0,"1":0,"2":0},"b":{"0":[0,0],"1":[0,0],"2":[0,0]}}
,"C:\\Users\\svnhu\\CS184-Remi\\team12-remi\\remi-app\\app\\(auth)\\(tabs)\\_layout.tsx": {"path":"C:\\Users\\svnhu\\CS184-Remi\\team12-remi\\remi-app\\app\\(auth)\\(tabs)\\_layout.tsx","statementMap":{"0":{"start":{"line":3,"column":19},"end":{"line":73,"column":1}},"1":{"start":{"line":4,"column":2},"end":{"line":72,"column":4}},"2":{"start":{"line":12,"column":12},"end":{"line":12,"column":70}},"3":{"start":{"line":33,"column":12},"end":{"line":33,"column":76}},"4":{"start":{"line":45,"column":12},"end":{"line":45,"column":72}},"5":{"start":{"line":56,"column":12},"end":{"line":56,"column":72}},"6":{"start":{"line":67,"column":12},"end":{"line":67,"column":72}}},"fnMap":{"0":{"name":"(anonymous_0)","decl":{"start":{"line":3,"column":19},"end":{"line":3,"column":20}},"loc":{"start":{"line":3,"column":25},"end":{"line":73,"column":1}},"line":3},"1":{"name":"(anonymous_1)","decl":{"start":{"line":11,"column":22},"end":{"line":11,"column":23}},"loc":{"start":{"line":12,"column":12},"end":{"line":12,"column":70}},"line":12},"2":{"name":"(anonymous_2)","decl":{"start":{"line":32,"column":22},"end":{"line":32,"column":23}},"loc":{"start":{"line":33,"column":12},"end":{"line":33,"column":76}},"line":33},"3":{"name":"(anonymous_3)","decl":{"start":{"line":44,"column":22},"end":{"line":44,"column":23}},"loc":{"start":{"line":45,"column":12},"end":{"line":45,"column":72}},"line":45},"4":{"name":"(anonymous_4)","decl":{"start":{"line":55,"column":22},"end":{"line":55,"column":23}},"loc":{"start":{"line":56,"column":12},"end":{"line":56,"column":72}},"line":56},"5":{"name":"(anonymous_5)","decl":{"start":{"line":66,"column":22},"end":{"line":66,"column":23}},"loc":{"start":{"line":67,"column":12},"end":{"line":67,"column":72}},"line":67}},"branchMap":{},"s":{"0":0,"1":0,"2":0,"3":0,"4":0,"5":0,"6":0},"f":{"0":0,"1":0,"2":0,"3":0,"4":0,"5":0},"b":{}}
,"C:\\Users\\svnhu\\CS184-Remi\\team12-remi\\remi-app\\app\\(auth)\\(tabs)\\add-recipe.tsx": {"path":"C:\\Users\\svnhu\\CS184-Remi\\team12-remi\\remi-app\\app\\(auth)\\(tabs)\\add-recipe.tsx","statementMap":{"0":{"start":{"line":25,"column":14},"end":{"line":56,"column":1}},"1":{"start":{"line":59,"column":12},"end":{"line":245,"column":1}},"2":{"start":{"line":60,"column":28},"end":{"line":60,"column":57}},"3":{"start":{"line":61,"column":32},"end":{"line":61,"column":44}},"4":{"start":{"line":62,"column":28},"end":{"line":62,"column":40}},"5":{"start":{"line":63,"column":42},"end":{"line":63,"column":64}},"6":{"start":{"line":64,"column":17},"end":{"line":64,"column":28}},"7":{"start":{"line":66,"column":20},"end":{"line":87,"column":3}},"8":{"start":{"line":67,"column":4},"end":{"line":86,"column":5}},"9":{"start":{"line":69,"column":8},"end":{"line":69,"column":63}},"10":{"start":{"line":70,"column":6},"end":{"line":73,"column":7}},"11":{"start":{"line":71,"column":8},"end":{"line":71,"column":63}},"12":{"start":{"line":72,"column":8},"end":{"line":72,"column":15}},"13":{"start":{"line":74,"column":21},"end":{"line":79,"column":8}},"14":{"start":{"line":80,"column":6},"end":{"line":83,"column":7}},"15":{"start":{"line":81,"column":8},"end":{"line":81,"column":39}},"16":{"start":{"line":85,"column":6},"end":{"line":85,"column":77}},"17":{"start":{"line":89,"column":27},"end":{"line":99,"column":3}},"18":{"start":{"line":90,"column":4},"end":{"line":90,"column":35}},"19":{"start":{"line":93,"column":22},"end":{"line":95,"column":22}},"20":{"start":{"line":94,"column":22},"end":{"line":94,"column":67}},"21":{"start":{"line":94,"column":43},"end":{"line":94,"column":60}},"22":{"start":{"line":101,"column":21},"end":{"line":114,"column":3}},"23":{"start":{"line":103,"column":25},"end":{"line":103,"column":50}},"24":{"start":{"line":104,"column":4},"end":{"line":104,"column":41}},"25":{"start":{"line":105,"column":4},"end":{"line":113,"column":7}},"26":{"start":{"line":116,"column":2},"end":{"line":244,"column":4}},"27":{"start":{"line":247,"column":15},"end":{"line":347,"column":2}}},"fnMap":{"0":{"name":"(anonymous_0)","decl":{"start":{"line":59,"column":12},"end":{"line":59,"column":13}},"loc":{"start":{"line":59,"column":18},"end":{"line":245,"column":1}},"line":59},"1":{"name":"(anonymous_1)","decl":{"start":{"line":66,"column":20},"end":{"line":66,"column":21}},"loc":{"start":{"line":66,"column":32},"end":{"line":87,"column":3}},"line":66},"2":{"name":"(anonymous_2)","decl":{"start":{"line":89,"column":27},"end":{"line":89,"column":28}},"loc":{"start":{"line":89,"column":56},"end":{"line":99,"column":3}},"line":89},"3":{"name":"(anonymous_3)","decl":{"start":{"line":94,"column":11},"end":{"line":94,"column":12}},"loc":{"start":{"line":94,"column":22},"end":{"line":94,"column":67}},"line":94},"4":{"name":"(anonymous_4)","decl":{"start":{"line":94,"column":33},"end":{"line":94,"column":34}},"loc":{"start":{"line":94,"column":43},"end":{"line":94,"column":60}},"line":94},"5":{"name":"(anonymous_5)","decl":{"start":{"line":101,"column":21},"end":{"line":101,"column":22}},"loc":{"start":{"line":101,"column":27},"end":{"line":114,"column":3}},"line":101}},"branchMap":{"0":{"loc":{"start":{"line":70,"column":6},"end":{"line":73,"column":7}},"type":"if","locations":[{"start":{"line":70,"column":6},"end":{"line":73,"column":7}},{"start":{},"end":{}}],"line":70},"1":{"loc":{"start":{"line":80,"column":6},"end":{"line":83,"column":7}},"type":"if","locations":[{"start":{"line":80,"column":6},"end":{"line":83,"column":7}},{"start":{},"end":{}}],"line":80},"2":{"loc":{"start":{"line":135,"column":15},"end":{"line":149,"column":15}},"type":"cond-expr","locations":[{"start":{"line":136,"column":16},"end":{"line":141,"column":35}},{"start":{"line":143,"column":16},"end":{"line":148,"column":35}}],"line":135},"3":{"loc":{"start":{"line":150,"column":15},"end":{"line":152,"column":15}},"type":"binary-expr","locations":[{"start":{"line":150,"column":15},"end":{"line":150,"column":20}},{"start":{"line":151,"column":16},"end":{"line":151,"column":75}}],"line":150}},"s":{"0":0,"1":0,"2":0,"3":0,"4":0,"5":0,"6":0,"7":0,"8":0,"9":0,"10":0,"11":0,"12":0,"13":0,"14":0,"15":0,"16":0,"17":0,"18":0,"19":0,"20":0,"21":0,"22":0,"23":0,"24":0,"25":0,"26":0,"27":0},"f":{"0":0,"1":0,"2":0,"3":0,"4":0,"5":0},"b":{"0":[0,0],"1":[0,0],"2":[0,0],"3":[0,0]}}
,"C:\\Users\\svnhu\\CS184-Remi\\team12-remi\\remi-app\\app\\(auth)\\(tabs)\\home.tsx": {"path":"C:\\Users\\svnhu\\CS184-Remi\\team12-remi\\remi-app\\app\\(auth)\\(tabs)\\home.tsx","statementMap":{"0":{"start":{"line":40,"column":22},"end":{"line":59,"column":1}},"1":{"start":{"line":41,"column":14},"end":{"line":41,"column":24}},"2":{"start":{"line":42,"column":24},"end":{"line":42,"column":75}},"3":{"start":{"line":43,"column":24},"end":{"line":43,"column":54}},"4":{"start":{"line":44,"column":22},"end":{"line":44,"column":52}},"5":{"start":{"line":45,"column":21},"end":{"line":45,"column":49}},"6":{"start":{"line":46,"column":22},"end":{"line":46,"column":50}},"7":{"start":{"line":48,"column":2},"end":{"line":58,"column":3}},"8":{"start":{"line":49,"column":4},"end":{"line":49,"column":66}},"9":{"start":{"line":50,"column":9},"end":{"line":58,"column":3}},"10":{"start":{"line":51,"column":4},"end":{"line":51,"column":63}},"11":{"start":{"line":52,"column":9},"end":{"line":58,"column":3}},"12":{"start":{"line":53,"column":4},"end":{"line":53,"column":66}},"13":{"start":{"line":54,"column":9},"end":{"line":58,"column":3}},"14":{"start":{"line":55,"column":4},"end":{"line":55,"column":72}},"15":{"start":{"line":57,"column":4},"end":{"line":57,"column":22}},"16":{"start":{"line":61,"column":46},"end":{"line":92,"column":1}},"17":{"start":{"line":107,"column":20},"end":{"line":119,"column":1}},"18":{"start":{"line":108,"column":2},"end":{"line":117,"column":3}},"19":{"start":{"line":109,"column":23},"end":{"line":109,"column":51}},"20":{"start":{"line":110,"column":25},"end":{"line":110,"column":49}},"21":{"start":{"line":111,"column":4},"end":{"line":114,"column":5}},"22":{"start":{"line":112,"column":23},"end":{"line":112,"column":42}},"23":{"start":{"line":113,"column":6},"end":{"line":113,"column":31}},"24":{"start":{"line":116,"column":4},"end":{"line":116,"column":54}},"25":{"start":{"line":118,"column":2},"end":{"line":118,"column":24}},"26":{"start":{"line":121,"column":53},"end":{"line":298,"column":1}},"27":{"start":{"line":134,"column":34},"end":{"line":134,"column":54}},"28":{"start":{"line":135,"column":38},"end":{"line":135,"column":58}},"29":{"start":{"line":136,"column":26},"end":{"line":148,"column":3}},"30":{"start":{"line":137,"column":4},"end":{"line":146,"column":5}},"31":{"start":{"line":138,"column":25},"end":{"line":138,"column":53}},"32":{"start":{"line":139,"column":27},"end":{"line":139,"column":51}},"33":{"start":{"line":140,"column":6},"end":{"line":143,"column":7}},"34":{"start":{"line":141,"column":25},"end":{"line":141,"column":44}},"35":{"start":{"line":142,"column":8},"end":{"line":142,"column":41}},"36":{"start":{"line":145,"column":6},"end":{"line":145,"column":60}},"37":{"start":{"line":147,"column":4},"end":{"line":147,"column":14}},"38":{"start":{"line":150,"column":42},"end":{"line":150,"column":57}},"39":{"start":{"line":152,"column":30},"end":{"line":154,"column":3}},"40":{"start":{"line":153,"column":4},"end":{"line":153,"column":26}},"41":{"start":{"line":156,"column":27},"end":{"line":158,"column":3}},"42":{"start":{"line":157,"column":4},"end":{"line":157,"column":27}},"43":{"start":{"line":160,"column":2},"end":{"line":166,"column":15}},"44":{"start":{"line":161,"column":26},"end":{"line":164,"column":5}},"45":{"start":{"line":162,"column":19},"end":{"line":162,"column":44}},"46":{"start":{"line":163,"column":6},"end":{"line":163,"column":24}},"47":{"start":{"line":165,"column":4},"end":{"line":165,"column":20}},"48":{"start":{"line":167,"column":2},"end":{"line":176,"column":15}},"49":{"start":{"line":168,"column":26},"end":{"line":174,"column":5}},"50":{"start":{"line":169,"column":19},"end":{"line":169,"column":44}},"51":{"start":{"line":170,"column":6},"end":{"line":170,"column":24}},"52":{"start":{"line":172,"column":23},"end":{"line":172,"column":52}},"53":{"start":{"line":173,"column":6},"end":{"line":173,"column":30}},"54":{"start":{"line":175,"column":4},"end":{"line":175,"column":20}},"55":{"start":{"line":178,"column":23},"end":{"line":184,"column":20}},"56":{"start":{"line":181,"column":19},"end":{"line":181,"column":40}},"57":{"start":{"line":182,"column":6},"end":{"line":182,"column":43}},"58":{"start":{"line":186,"column":2},"end":{"line":297,"column":4}},"59":{"start":{"line":301,"column":23},"end":{"line":456,"column":1}},"60":{"start":{"line":302,"column":17},"end":{"line":302,"column":36}},"61":{"start":{"line":303,"column":15},"end":{"line":303,"column":31}},"62":{"start":{"line":304,"column":28},"end":{"line":304,"column":56}},"63":{"start":{"line":307,"column":46},"end":{"line":309,"column":7}},"64":{"start":{"line":310,"column":17},"end":{"line":310,"column":28}},"65":{"start":{"line":311,"column":40},"end":{"line":311,"column":62}},"66":{"start":{"line":314,"column":24},"end":{"line":333,"column":3}},"67":{"start":{"line":315,"column":4},"end":{"line":332,"column":5}},"68":{"start":{"line":316,"column":6},"end":{"line":318,"column":7}},"69":{"start":{"line":317,"column":8},"end":{"line":317,"column":15}},"70":{"start":{"line":319,"column":23},"end":{"line":319,"column":46}},"71":{"start":{"line":320,"column":6},"end":{"line":320,"column":31}},"72":{"start":{"line":321,"column":16},"end":{"line":321,"column":67}},"73":{"start":{"line":322,"column":28},"end":{"line":322,"column":44}},"74":{"start":{"line":323,"column":6},"end":{"line":323,"column":33}},"75":{"start":{"line":324,"column":28},"end":{"line":324,"column":71}},"76":{"start":{"line":324,"column":60},"end":{"line":324,"column":70}},"77":{"start":{"line":325,"column":6},"end":{"line":325,"column":30}},"78":{"start":{"line":327,"column":6},"end":{"line":331,"column":7}},"79":{"start":{"line":328,"column":8},"end":{"line":328,"column":72}},"80":{"start":{"line":330,"column":8},"end":{"line":330,"column":59}},"81":{"start":{"line":336,"column":2},"end":{"line":338,"column":20}},"82":{"start":{"line":337,"column":4},"end":{"line":337,"column":20}},"83":{"start":{"line":340,"column":2},"end":{"line":359,"column":13}},"84":{"start":{"line":342,"column":4},"end":{"line":358,"column":5}},"85":{"start":{"line":343,"column":16},"end":{"line":347,"column":7}},"86":{"start":{"line":349,"column":26},"end":{"line":355,"column":8}},"87":{"start":{"line":350,"column":25},"end":{"line":353,"column":11}},"88":{"start":{"line":350,"column":53},"end":{"line":353,"column":9}},"89":{"start":{"line":354,"column":8},"end":{"line":354,"column":36}},"90":{"start":{"line":357,"column":6},"end":{"line":357,"column":33}},"91":{"start":{"line":357,"column":19},"end":{"line":357,"column":32}},"92":{"start":{"line":361,"column":2},"end":{"line":388,"column":13}},"93":{"start":{"line":362,"column":24},"end":{"line":385,"column":5}},"94":{"start":{"line":365,"column":8},"end":{"line":383,"column":9}},"95":{"start":{"line":366,"column":27},"end":{"line":366,"column":37}},"96":{"start":{"line":367,"column":32},"end":{"line":367,"column":59}},"97":{"start":{"line":369,"column":10},"end":{"line":382,"column":11}},"98":{"start":{"line":370,"column":22},"end":{"line":373,"column":13}},"99":{"start":{"line":374,"column":12},"end":{"line":381,"column":17}},"100":{"start":{"line":376,"column":35},"end":{"line":376,"column":74}},"101":{"start":{"line":376,"column":67},"end":{"line":376,"column":73}},"102":{"start":{"line":377,"column":16},"end":{"line":377,"column":43}},"103":{"start":{"line":380,"column":16},"end":{"line":380,"column":68}},"104":{"start":{"line":387,"column":4},"end":{"line":387,"column":31}},"105":{"start":{"line":387,"column":17},"end":{"line":387,"column":30}},"106":{"start":{"line":390,"column":2},"end":{"line":455,"column":4}},"107":{"start":{"line":405,"column":31},"end":{"line":405,"column":65}},"108":{"start":{"line":424,"column":28},"end":{"line":424,"column":77}},"109":{"start":{"line":425,"column":28},"end":{"line":425,"column":77}},"110":{"start":{"line":426,"column":14},"end":{"line":426,"column":55}},"111":{"start":{"line":429,"column":14},"end":{"line":449,"column":21}},"112":{"start":{"line":458,"column":15},"end":{"line":544,"column":2}}},"fnMap":{"0":{"name":"(anonymous_0)","decl":{"start":{"line":40,"column":22},"end":{"line":40,"column":23}},"loc":{"start":{"line":40,"column":38},"end":{"line":59,"column":1}},"line":40},"1":{"name":"(anonymous_1)","decl":{"start":{"line":107,"column":20},"end":{"line":107,"column":21}},"loc":{"start":{"line":107,"column":63},"end":{"line":119,"column":1}},"line":107},"2":{"name":"(anonymous_2)","decl":{"start":{"line":121,"column":53},"end":{"line":121,"column":54}},"loc":{"start":{"line":133,"column":6},"end":{"line":298,"column":1}},"line":133},"3":{"name":"(anonymous_3)","decl":{"start":{"line":136,"column":26},"end":{"line":136,"column":27}},"loc":{"start":{"line":136,"column":69},"end":{"line":148,"column":3}},"line":136},"4":{"name":"(anonymous_4)","decl":{"start":{"line":152,"column":30},"end":{"line":152,"column":31}},"loc":{"start":{"line":152,"column":36},"end":{"line":154,"column":3}},"line":152},"5":{"name":"(anonymous_5)","decl":{"start":{"line":156,"column":27},"end":{"line":156,"column":28}},"loc":{"start":{"line":156,"column":33},"end":{"line":158,"column":3}},"line":156},"6":{"name":"(anonymous_6)","decl":{"start":{"line":160,"column":12},"end":{"line":160,"column":13}},"loc":{"start":{"line":160,"column":18},"end":{"line":166,"column":3}},"line":160},"7":{"name":"(anonymous_7)","decl":{"start":{"line":161,"column":26},"end":{"line":161,"column":27}},"loc":{"start":{"line":161,"column":38},"end":{"line":164,"column":5}},"line":161},"8":{"name":"(anonymous_8)","decl":{"start":{"line":167,"column":12},"end":{"line":167,"column":13}},"loc":{"start":{"line":167,"column":18},"end":{"line":176,"column":3}},"line":167},"9":{"name":"(anonymous_9)","decl":{"start":{"line":168,"column":26},"end":{"line":168,"column":27}},"loc":{"start":{"line":168,"column":38},"end":{"line":174,"column":5}},"line":168},"10":{"name":"(anonymous_10)","decl":{"start":{"line":180,"column":9},"end":{"line":180,"column":10}},"loc":{"start":{"line":180,"column":17},"end":{"line":183,"column":5}},"line":180},"11":{"name":"(anonymous_11)","decl":{"start":{"line":301,"column":23},"end":{"line":301,"column":24}},"loc":{"start":{"line":301,"column":29},"end":{"line":456,"column":1}},"line":301},"12":{"name":"(anonymous_12)","decl":{"start":{"line":314,"column":24},"end":{"line":314,"column":25}},"loc":{"start":{"line":314,"column":36},"end":{"line":333,"column":3}},"line":314},"13":{"name":"(anonymous_13)","decl":{"start":{"line":324,"column":51},"end":{"line":324,"column":52}},"loc":{"start":{"line":324,"column":60},"end":{"line":324,"column":70}},"line":324},"14":{"name":"(anonymous_14)","decl":{"start":{"line":336,"column":12},"end":{"line":336,"column":13}},"loc":{"start":{"line":336,"column":18},"end":{"line":338,"column":3}},"line":336},"15":{"name":"(anonymous_15)","decl":{"start":{"line":340,"column":12},"end":{"line":340,"column":13}},"loc":{"start":{"line":340,"column":18},"end":{"line":359,"column":3}},"line":340},"16":{"name":"(anonymous_16)","decl":{"start":{"line":349,"column":40},"end":{"line":349,"column":41}},"loc":{"start":{"line":349,"column":54},"end":{"line":355,"column":7}},"line":349},"17":{"name":"(anonymous_17)","decl":{"start":{"line":350,"column":43},"end":{"line":350,"column":44}},"loc":{"start":{"line":350,"column":53},"end":{"line":353,"column":9}},"line":350},"18":{"name":"(anonymous_18)","decl":{"start":{"line":357,"column":13},"end":{"line":357,"column":14}},"loc":{"start":{"line":357,"column":19},"end":{"line":357,"column":32}},"line":357},"19":{"name":"(anonymous_19)","decl":{"start":{"line":361,"column":12},"end":{"line":361,"column":13}},"loc":{"start":{"line":361,"column":18},"end":{"line":388,"column":3}},"line":361},"20":{"name":"(anonymous_20)","decl":{"start":{"line":364,"column":6},"end":{"line":364,"column":7}},"loc":{"start":{"line":364,"column":15},"end":{"line":384,"column":7}},"line":364},"21":{"name":"(anonymous_21)","decl":{"start":{"line":375,"column":20},"end":{"line":375,"column":21}},"loc":{"start":{"line":375,"column":39},"end":{"line":378,"column":15}},"line":375},"22":{"name":"(anonymous_22)","decl":{"start":{"line":376,"column":58},"end":{"line":376,"column":59}},"loc":{"start":{"line":376,"column":67},"end":{"line":376,"column":73}},"line":376},"23":{"name":"(anonymous_23)","decl":{"start":{"line":379,"column":21},"end":{"line":379,"column":22}},"loc":{"start":{"line":379,"column":32},"end":{"line":381,"column":15}},"line":379},"24":{"name":"(anonymous_24)","decl":{"start":{"line":387,"column":11},"end":{"line":387,"column":12}},"loc":{"start":{"line":387,"column":17},"end":{"line":387,"column":30}},"line":387},"25":{"name":"(anonymous_25)","decl":{"start":{"line":405,"column":25},"end":{"line":405,"column":26}},"loc":{"start":{"line":405,"column":31},"end":{"line":405,"column":65}},"line":405},"26":{"name":"(anonymous_26)","decl":{"start":{"line":423,"column":18},"end":{"line":423,"column":19}},"loc":{"start":{"line":423,"column":28},"end":{"line":427,"column":13}},"line":423},"27":{"name":"(anonymous_27)","decl":{"start":{"line":428,"column":17},"end":{"line":428,"column":18}},"loc":{"start":{"line":429,"column":14},"end":{"line":449,"column":21}},"line":429}},"branchMap":{"0":{"loc":{"start":{"line":48,"column":2},"end":{"line":58,"column":3}},"type":"if","locations":[{"start":{"line":48,"column":2},"end":{"line":58,"column":3}},{"start":{"line":50,"column":9},"end":{"line":58,"column":3}}],"line":48},"1":{"loc":{"start":{"line":49,"column":33},"end":{"line":49,"column":59}},"type":"cond-expr","locations":[{"start":{"line":49,"column":51},"end":{"line":49,"column":54}},{"start":{"line":49,"column":57},"end":{"line":49,"column":59}}],"line":49},"2":{"loc":{"start":{"line":50,"column":9},"end":{"line":58,"column":3}},"type":"if","locations":[{"start":{"line":50,"column":9},"end":{"line":58,"column":3}},{"start":{"line":52,"column":9},"end":{"line":58,"column":3}}],"line":50},"3":{"loc":{"start":{"line":51,"column":31},"end":{"line":51,"column":56}},"type":"cond-expr","locations":[{"start":{"line":51,"column":48},"end":{"line":51,"column":51}},{"start":{"line":51,"column":54},"end":{"line":51,"column":56}}],"line":51},"4":{"loc":{"start":{"line":52,"column":9},"end":{"line":58,"column":3}},"type":"if","locations":[{"start":{"line":52,"column":9},"end":{"line":58,"column":3}},{"start":{"line":54,"column":9},"end":{"line":58,"column":3}}],"line":52},"5":{"loc":{"start":{"line":53,"column":33},"end":{"line":53,"column":59}},"type":"cond-expr","locations":[{"start":{"line":53,"column":51},"end":{"line":53,"column":54}},{"start":{"line":53,"column":57},"end":{"line":53,"column":59}}],"line":53},"6":{"loc":{"start":{"line":54,"column":9},"end":{"line":58,"column":3}},"type":"if","locations":[{"start":{"line":54,"column":9},"end":{"line":58,"column":3}},{"start":{"line":56,"column":9},"end":{"line":58,"column":3}}],"line":54},"7":{"loc":{"start":{"line":55,"column":37},"end":{"line":55,"column":65}},"type":"cond-expr","locations":[{"start":{"line":55,"column":57},"end":{"line":55,"column":60}},{"start":{"line":55,"column":63},"end":{"line":55,"column":65}}],"line":55},"8":{"loc":{"start":{"line":111,"column":4},"end":{"line":114,"column":5}},"type":"if","locations":[{"start":{"line":111,"column":4},"end":{"line":114,"column":5}},{"start":{},"end":{}}],"line":111},"9":{"loc":{"start":{"line":140,"column":6},"end":{"line":143,"column":7}},"type":"if","locations":[{"start":{"line":140,"column":6},"end":{"line":143,"column":7}},{"start":{},"end":{}}],"line":140},"10":{"loc":{"start":{"line":142,"column":15},"end":{"line":142,"column":40}},"type":"binary-expr","locations":[{"start":{"line":142,"column":15},"end":{"line":142,"column":34}},{"start":{"line":142,"column":38},"end":{"line":142,"column":40}}],"line":142},"11":{"loc":{"start":{"line":182,"column":13},"end":{"line":182,"column":42}},"type":"cond-expr","locations":[{"start":{"line":182,"column":20},"end":{"line":182,"column":30}},{"start":{"line":182,"column":33},"end":{"line":182,"column":42}}],"line":182},"12":{"loc":{"start":{"line":192,"column":14},"end":{"line":194,"column":74}},"type":"cond-expr","locations":[{"start":{"line":193,"column":18},"end":{"line":193,"column":37}},{"start":{"line":194,"column":18},"end":{"line":194,"column":74}}],"line":192},"13":{"loc":{"start":{"line":219,"column":16},"end":{"line":221,"column":76}},"type":"cond-expr","locations":[{"start":{"line":220,"column":20},"end":{"line":220,"column":37}}
[...]
line":126,"column":29}},"45":{"start":{"line":128,"column":4},"end":{"line":155,"column":5}},"46":{"start":{"line":129,"column":31},"end":{"line":129,"column":62}},"47":{"start":{"line":130,"column":34},"end":{"line":135,"column":7}},"48":{"start":{"line":137,"column":28},"end":{"line":137,"column":62}},"49":{"start":{"line":139,"column":6},"end":{"line":145,"column":7}},"50":{"start":{"line":140,"column":8},"end":{"line":143,"column":10}},"51":{"start":{"line":144,"column":8},"end":{"line":144,"column":15}},"52":{"start":{"line":147,"column":6},"end":{"line":151,"column":9}},"53":{"start":{"line":152,"column":6},"end":{"line":152,"column":72}},"54":{"start":{"line":154,"column":6},"end":{"line":154,"column":52}},"55":{"start":{"line":158,"column":2},"end":{"line":166,"column":3}},"56":{"start":{"line":159,"column":4},"end":{"line":165,"column":6}},"57":{"start":{"line":168,"column":2},"end":{"line":174,"column":3}},"58":{"start":{"line":169,"column":4},"end":{"line":173,"column":6}},"59":{"start":{"line":176,"column":2},"end":{"line":199,"column":4}},"60":{"start":{"line":190,"column":32},"end":{"line":190,"column":45}},"61":{"start":{"line":202,"column":15},"end":{"line":250,"column":2}}},"fnMap":{"0":{"name":"(anonymous_0)","decl":{"start":{"line":34,"column":38},"end":{"line":34,"column":39}},"loc":{"start":{"line":34,"column":44},"end":{"line":200,"column":1}},"line":34},"1":{"name":"(anonymous_1)","decl":{"start":{"line":42,"column":12},"end":{"line":42,"column":13}},"loc":{"start":{"line":42,"column":18},"end":{"line":86,"column":3}},"line":42},"2":{"name":"(anonymous_2)","decl":{"start":{"line":51,"column":6},"end":{"line":51,"column":7}},"loc":{"start":{"line":51,"column":23},"end":{"line":55,"column":7}},"line":51},"3":{"name":"(anonymous_3)","decl":{"start":{"line":56,"column":6},"end":{"line":56,"column":7}},"loc":{"start":{"line":56,"column":17},"end":{"line":58,"column":7}},"line":56},"4":{"name":"(anonymous_4)","decl":{"start":{"line":61,"column":26},"end":{"line":61,"column":27}},"loc":{"start":{"line":61,"column":32},"end":{"line":78,"column":5}},"line":61},"5":{"name":"(anonymous_5)","decl":{"start":{"line":65,"column":8},"end":{"line":65,"column":9}},"loc":{"start":{"line":65,"column":22},"end":{"line":71,"column":9}},"line":65},"6":{"name":"(anonymous_6)","decl":{"start":{"line":66,"column":46},"end":{"line":66,"column":47}},"loc":{"start":{"line":66,"column":56},"end":{"line":69,"column":11}},"line":66},"7":{"name":"(anonymous_7)","decl":{"start":{"line":72,"column":8},"end":{"line":72,"column":9}},"loc":{"start":{"line":72,"column":19},"end":{"line":74,"column":9}},"line":72},"8":{"name":"(anonymous_8)","decl":{"start":{"line":82,"column":11},"end":{"line":82,"column":12}},"loc":{"start":{"line":82,"column":17},"end":{"line":85,"column":5}},"line":82},"9":{"name":"(anonymous_9)","decl":{"start":{"line":88,"column":25},"end":{"line":88,"column":26}},"loc":{"start":{"line":88,"column":44},"end":{"line":103,"column":3}},"line":88},"10":{"name":"(anonymous_10)","decl":{"start":{"line":97,"column":6},"end":{"line":97,"column":7}},"loc":{"start":{"line":98,"column":8},"end":{"line":100,"column":69}},"line":98},"11":{"name":"(anonymous_11)","decl":{"start":{"line":105,"column":21},"end":{"line":105,"column":22}},"loc":{"start":{"line":105,"column":51},"end":{"line":123,"column":3}},"line":105},"12":{"name":"(anonymous_12)","decl":{"start":{"line":119,"column":42},"end":{"line":119,"column":43}},"loc":{"start":{"line":119,"column":48},"end":{"line":119,"column":66}},"line":119},"13":{"name":"(anonymous_13)","decl":{"start":{"line":125,"column":23},"end":{"line":125,"column":24}},"loc":{"start":{"line":125,"column":45},"end":{"line":156,"column":3}},"line":125},"14":{"name":"(anonymous_14)","decl":{"start":{"line":190,"column":22},"end":{"line":190,"column":23}},"loc":{"start":{"line":190,"column":32},"end":{"line":190,"column":45}},"line":190}},"branchMap":{"0":{"loc":{"start":{"line":43,"column":4},"end":{"line":46,"column":5}},"type":"if","locations":[{"start":{"line":43,"column":4},"end":{"line":46,"column":5}},{"start":{},"end":{}}],"line":43},"1":{"loc":{"start":{"line":52,"column":8},"end":{"line":54,"column":9}},"type":"if","locations":[{"start":{"line":52,"column":8},"end":{"line":54,"column":9}},{"start":{},"end":{}}],"line":52},"2":{"loc":{"start":{"line":53,"column":32},"end":{"line":53,"column":69}},"type":"binary-expr","locations":[{"start":{"line":53,"column":32},"end":{"line":53,"column":63}},{"start":{"line":53,"column":67},"end":{"line":53,"column":69}}],"line":53},"3":{"loc":{"start":{"line":89,"column":4},"end":{"line":89,"column":29}},"type":"if","locations":[{"start":{"line":89,"column":4},"end":{"line":89,"column":29}},{"start":{},"end":{}}],"line":89},"4":{"loc":{"start":{"line":92,"column":4},"end":{"line":95,"column":5}},"type":"if","locations":[{"start":{"line":92,"column":4},"end":{"line":95,"column":5}},{"start":{},"end":{}}],"line":92},"5":{"loc":{"start":{"line":98,"column":8},"end":{"line":100,"column":69}},"type":"binary-expr","locations":[{"start":{"line":98,"column":8},"end":{"line":98,"column":42}},{"start":{"line":99,"column":9},"end":{"line":99,"column":70}},{"start":{"line":100,"column":10},"end":{"line":100,"column":68}}],"line":98},"6":{"loc":{"start":{"line":112,"column":9},"end":{"line":120,"column":9}},"type":"cond-expr","locations":[{"start":{"line":113,"column":10},"end":{"line":117,"column":17}},{"start":{"line":119,"column":10},"end":{"line":119,"column":70}}],"line":112},"7":{"loc":{"start":{"line":126,"column":4},"end":{"line":126,"column":29}},"type":"if","locations":[{"start":{"line":126,"column":4},"end":{"line":126,"column":29}},{"start":{},"end":{}}],"line":126},"8":{"loc":{"start":{"line":139,"column":6},"end":{"line":145,"column":7}},"type":"if","locations":[{"start":{"line":139,"column":6},"end":{"line":145,"column":7}},{"start":{},"end":{}}],"line":139},"9":{"loc":{"start":{"line":158,"column":2},"end":{"line":166,"column":3}},"type":"if","locations":[{"start":{"line":158,"column":2},"end":{"line":166,"column":3}},{"start":{},"end":{}}],"line":158},"10":{"loc":{"start":{"line":168,"column":2},"end":{"line":174,"column":3}},"type":"if","locations":[{"start":{"line":168,"column":2},"end":{"line":174,"column":3}},{"start":{},"end":{}}],"line":168},"11":{"loc":{"start":{"line":183,"column":21},"end":{"line":183,"column":51}},"type":"cond-expr","locations":[{"start":{"line":183,"column":45},"end":{"line":183,"column":46}},{"start":{"line":183,"column":49},"end":{"line":183,"column":51}}],"line":183},"12":{"loc":{"start":{"line":193,"column":10},"end":{"line":195,"column":18}},"type":"cond-expr","locations":[{"start":{"line":194,"column":12},"end":{"line":194,"column":64}},{"start":{"line":195,"column":14},"end":{"line":195,"column":18}}],"line":193}},"s":{"0":0,"1":0,"2":0,"3":0,"4":0,"5":0,"6":0,"7":0,"8":0,"9":0,"10":0,"11":0,"12":0,"13":0,"14":0,"15":0,"16":0,"17":0,"18":0,"19":0,"20":0,"21":0,"22":0,"23":0,"24":0,"25":0,"26":0,"27":0,"28":0,"29":0,"30":0,"31":0,"32":0,"33":0,"34":0,"35":0,"36":0,"37":0,"38":0,"39":0,"40":0,"41":0,"42":0,"43":0,"44":0,"45":0,"46":0,"47":0,"48":0,"49":0,"50":0,"51":0,"52":0,"53":0,"54":0,"55":0,"56":0,"57":0,"58":0,"59":0,"60":0,"61":0},"f":{"0":0,"1":0,"2":0,"3":0,"4":0,"5":0,"6":0,"7":0,"8":0,"9":0,"10":0,"11":0,"12":0,"13":0,"14":0},"b":{"0":[0,0],"1":[0,0],"2":[0,0],"3":[0,0],"4":[0,0],"5":[0,0,0],"6":[0,0],"7":[0,0],"8":[0,0],"9":[0,0],"10":[0,0],"11":[0,0],"12":[0,0]}}
,"C:\\Users\\svnhu\\CS184-Remi\\team12-remi\\remi-app\\components\\Collapsible.tsx": {"path":"C:\\Users\\svnhu\\CS184-Remi\\team12-remi\\remi-app\\components\\Collapsible.tsx","statementMap":{"0":{"start":{"line":10,"column":30},"end":{"line":10,"column":45}},"1":{"start":{"line":11,"column":16},"end":{"line":11,"column":43}},"2":{"start":{"line":13,"column":2},"end":{"line":28,"column":4}},"3":{"start":{"line":17,"column":23},"end":{"line":17,"column":51}},"4":{"start":{"line":17,"column":44},"end":{"line":17,"column":50}},"5":{"start":{"line":31,"column":15},"end":{"line":41,"column":2}}},"fnMap":{"0":{"name":"Collapsible","decl":{"start":{"line":9,"column":16},"end":{"line":9,"column":27}},"loc":{"start":{"line":9,"column":88},"end":{"line":29,"column":1}},"line":9},"1":{"name":"(anonymous_1)","decl":{"start":{"line":17,"column":17},"end":{"line":17,"column":18}},"loc":{"start":{"line":17,"column":23},"end":{"line":17,"column":51}},"line":17},"2":{"name":"(anonymous_2)","decl":{"start":{"line":17,"column":33},"end":{"line":17,"column":34}},"loc":{"start":{"line":17,"column":44},"end":{"line":17,"column":50}},"line":17}},"branchMap":{"0":{"loc":{"start":{"line":11,"column":16},"end":{"line":11,"column":43}},"type":"binary-expr","locations":[{"start":{"line":11,"column":16},"end":{"line":11,"column":32}},{"start":{"line":11,"column":36},"end":{"line":11,"column":43}}],"line":11},"1":{"loc":{"start":{"line":20,"column":16},"end":{"line":20,"column":67}},"type":"cond-expr","locations":[{"start":{"line":20,"column":25},"end":{"line":20,"column":39}},{"start":{"line":20,"column":42},"end":{"line":20,"column":67}}],"line":20},"2":{"loc":{"start":{"line":22,"column":17},"end":{"line":22,"column":73}},"type":"cond-expr","locations":[{"start":{"line":22,"column":37},"end":{"line":22,"column":54}},{"start":{"line":22,"column":57},"end":{"line":22,"column":73}}],"line":22},"3":{"loc":{"start":{"line":26,"column":7},"end":{"line":26,"column":75}},"type":"binary-expr","locations":[{"start":{"line":26,"column":7},"end":{"line":26,"column":13}},{"start":{"line":26,"column":17},"end":{"line":26,"column":75}}],"line":26}},"s":{"0":0,"1":0,"2":0,"3":0,"4":0,"5":0},"f":{"0":0,"1":0,"2":0},"b":{"0":[0,0],"1":[0,0],"2":[0,0],"3":[0,0]}}
,"C:\\Users\\svnhu\\CS184-Remi\\team12-remi\\remi-app\\components\\ExternalLink.tsx": {"path":"C:\\Users\\svnhu\\CS184-Remi\\team12-remi\\remi-app\\components\\ExternalLink.tsx","statementMap":{"0":{"start":{"line":9,"column":2},"end":{"line":23,"column":4}},"1":{"start":{"line":15,"column":8},"end":{"line":20,"column":9}},"2":{"start":{"line":17,"column":10},"end":{"line":17,"column":33}},"3":{"start":{"line":19,"column":10},"end":{"line":19,"column":39}}},"fnMap":{"0":{"name":"ExternalLink","decl":{"start":{"line":8,"column":16},"end":{"line":8,"column":28}},"loc":{"start":{"line":8,"column":55},"end":{"line":24,"column":1}},"line":8},"1":{"name":"(anonymous_1)","decl":{"start":{"line":14,"column":15},"end":{"line":14,"column":16}},"loc":{"start":{"line":14,"column":32},"end":{"line":21,"column":7}},"line":14}},"branchMap":{"0":{"loc":{"start":{"line":15,"column":8},"end":{"line":20,"column":9}},"type":"if","locations":[{"start":{"line":15,"column":8},"end":{"line":20,"column":9}},{"start":{},"end":{}}],"line":15}},"s":{"0":0,"1":0,"2":0,"3":0},"f":{"0":0,"1":0},"b":{"0":[0,0]}}
,"C:\\Users\\svnhu\\CS184-Remi\\team12-remi\\remi-app\\components\\HelloWave.tsx": {"path":"C:\\Users\\svnhu\\CS184-Remi\\team12-remi\\remi-app\\components\\HelloWave.tsx","statementMap":{"0":{"start":{"line":13,"column":28},"end":{"line":13,"column":45}},"1":{"start":{"line":15,"column":2},"end":{"line":18,"column":4}},"2":{"start":{"line":20,"column":24},"end":{"line":22,"column":5}},"3":{"start":{"line":20,"column":48},"end":{"line":22,"column":3}},"4":{"start":{"line":24,"column":2},"end":{"line":28,"column":4}},"5":{"start":{"line":31,"column":15},"end":{"line":37,"column":2}}},"fnMap":{"0":{"name":"HelloWave","decl":{"start":{"line":12,"column":16},"end":{"line":12,"column":25}},"loc":{"start":{"line":12,"column":28},"end":{"line":29,"column":1}},"line":12},"1":{"name":"(anonymous_1)","decl":{"start":{"line":20,"column":41},"end":{"line":20,"column":42}},"loc":{"start":{"line":20,"column":48},"end":{"line":22,"column":3}},"line":20}},"branchMap":{},"s":{"0":0,"1":0,"2":0,"3":0,"4":0,"5":0},"f":{"0":0,"1":0},"b":{}}
,"C:\\Users\\svnhu\\CS184-Remi\\team12-remi\\remi-app\\components\\ParallaxScrollView.tsx": {"path":"C:\\Users\\svnhu\\CS184-Remi\\team12-remi\\remi-app\\components\\ParallaxScrollView.tsx","statementMap":{"0":{"start":{"line":12,"column":22},"end":{"line":12,"column":25}},"1":{"start":{"line":24,"column":22},"end":{"line":24,"column":49}},"2":{"start":{"line":25,"column":20},"end":{"line":25,"column":57}},"3":{"start":{"line":26,"column":23},"end":{"line":26,"column":53}},"4":{"start":{"line":28,"column":30},"end":{"line":43,"column":4}},"5":{"start":{"line":29,"column":4},"end":{"line":42,"column":6}},"6":{"start":{"line":45,"column":2},"end":{"line":59,"column":4}},"7":{"start":{"line":62,"column":15},"end":{"line":76,"column":2}}},"fnMap":{"0":{"name":"ParallaxScrollView","decl":{"start":{"line":19,"column":24},"end":{"line":19,"column":42}},"loc":{"start":{"line":23,"column":10},"end":{"line":60,"column":1}},"line":23},"1":{"name":"(anonymous_1)","decl":{"start":{"line":28,"column":47},"end":{"line":28,"column":48}},"loc":{"start":{"line":28,"column":53},"end":{"line":43,"column":3}},"line":28}},"branchMap":{"0":{"loc":{"start":{"line":24,"column":22},"end":{"line":24,"column":49}},"type":"binary-expr","locations":[{"start":{"line":24,"column":22},"end":{"line":24,"column":38}},{"start":{"line":24,"column":42},"end":{"line":24,"column":49}}],"line":24}},"s":{"0":0,"1":0,"2":0,"3":0,"4":0,"5":0,"6":0,"7":0},"f":{"0":0,"1":0},"b":{"0":[0,0]}}
,"C:\\Users\\svnhu\\CS184-Remi\\team12-remi\\remi-app\\components\\Spacer.tsx": {"path":"C:\\Users\\svnhu\\CS184-Remi\\team12-remi\\remi-app\\components\\Spacer.tsx","statementMap":{"0":{"start":{"line":9,"column":38},"end":{"line":11,"column":1}},"1":{"start":{"line":10,"column":2},"end":{"line":10,"column":43}}},"fnMap":{"0":{"name":"(anonymous_0)","decl":{"start":{"line":9,"column":38},"end":{"line":9,"column":39}},"loc":{"start":{"line":9,"column":52},"end":{"line":11,"column":1}},"line":9}},"branchMap":{},"s":{"0":0,"1":0},"f":{"0":0},"b":{}}
,"C:\\Users\\svnhu\\CS184-Remi\\team12-remi\\remi-app\\components\\ThemedText.tsx": {"path":"C:\\Users\\svnhu\\CS184-Remi\\team12-remi\\remi-app\\components\\ThemedText.tsx","statementMap":{"0":{"start":{"line":18,"column":16},"end":{"line":18,"column":77}},"1":{"start":{"line":20,"column":2},"end":{"line":33,"column":4}},"2":{"start":{"line":36,"column":15},"end":{"line":60,"column":2}}},"fnMap":{"0":{"name":"ThemedText","decl":{"start":{"line":11,"column":16},"end":{"line":11,"column":26}},"loc":{"start":{"line":17,"column":20},"end":{"line":34,"column":1}},"line":17}},"branchMap":{"0":{"loc":{"start":{"line":15,"column":2},"end":{"line":15,"column":18}},"type":"default-arg","locations":[{"start":{"line":15,"column":9},"end":{"line":15,"column":18}}],"line":15},"1":{"loc":{"start":{"line":24,"column":8},"end":{"line":24,"column":55}},"type":"cond-expr","locations":[{"start":{"line":24,"column":29},"end":{"line":24,"column":43}},{"start":{"line":24,"column":46},"end":{"line":24,"column":55}}],"line":24},"2":{"loc":{"start":{"line":25,"column":8},"end":{"line":25,"column":51}},"type":"cond-expr","locations":[{"start":{"line":25,"column":27},"end":{"line":25,"column":39}},{"start":{"line":25,"column":42},"end":{"line":25,"column":51}}],"line":25},"3":{"loc":{"start":{"line":26,"column":8},"end":{"line":26,"column":71}},"type":"cond-expr","locations":[{"start":{"line":26,"column":37},"end":{"line":26,"column":59}},{"start":{"line":26,"column":62},"end":{"line":26,"column":71}}],"line":26},"4":{"loc":{"start":{"line":27,"column":8},"end":{"line":27,"column":57}},"type":"cond-expr","locations":[{"start":{"line":27,"column":30},"end":{"line":27,"column":45}},{"start":{"line":27,"column":48},"end":{"line":27,"column":57}}],"line":27},"5":{"loc":{"start":{"line":28,"column":8},"end":{"line":28,"column":49}},"type":"cond-expr","locations":[{"start":{"line":28,"column":26},"end":{"line":28,"column":37}},{"start":{"line":28,"column":40},"end":{"line":28,"column":49}}],"line":28}},"s":{"0":0,"1":0,"2":0},"f":{"0":0},"b":{"0":[0],"1":[0,0],"2":[0,0],"3":[0,0],"4":[0,0],"5":[0,0]}}
,"C:\\Users\\svnhu\\CS184-Remi\\team12-remi\\remi-app\\components\\ThemedView.tsx": {"path":"C:\\Users\\svnhu\\CS184-Remi\\team12-remi\\remi-app\\components\\ThemedView.tsx","statementMap":{"0":{"start":{"line":11,"column":26},"end":{"line":11,"column":93}},"1":{"start":{"line":13,"column":2},"end":{"line":13,"column":71}}},"fnMap":{"0":{"name":"ThemedView","decl":{"start":{"line":10,"column":16},"end":{"line":10,"column":26}},"loc":{"start":{"line":10,"column":93},"end":{"line":14,"column":1}},"line":10}},"branchMap":{},"s":{"0":0,"1":0},"f":{"0":0},"b":{}}
,"C:\\Users\\svnhu\\CS184-Remi\\team12-remi\\remi-app\\components\\UniversalStyles.tsx": {"path":"C:\\Users\\svnhu\\CS184-Remi\\team12-remi\\remi-app\\components\\UniversalStyles.tsx","statementMap":{"0":{"start":{"line":3,"column":16},"end":{"line":272,"column":2}}},"fnMap":{},"branchMap":{},"s":{"0":1},"f":{},"b":{},"_coverageSchema":"1a1c01bbd47fc00a2c39e90264f33305004495a9","hash":"0db2bf990ca232195498cbe20fd50f9b548cd945"}
,"C:\\Users\\svnhu\\CS184-Remi\\team12-remi\\remi-app\\components\\navigation\\TabBarIcon.tsx": {"path":"C:\\Users\\svnhu\\CS184-Remi\\team12-remi\\remi-app\\components\\navigation\\TabBarIcon.tsx","statementMap":{"0":{"start":{"line":8,"column":2},"end":{"line":8,"column":80}}},"fnMap":{"0":{"name":"TabBarIcon","decl":{"start":{"line":7,"column":16},"end":{"line":7,"column":26}},"loc":{"start":{"line":7,"column":99},"end":{"line":9,"column":1}},"line":7}},"branchMap":{},"s":{"0":0},"f":{"0":0},"b":{}}
,"C:\\Users\\svnhu\\CS184-Remi\\team12-remi\\remi-app\\constants\\Colors.ts": {"path":"C:\\Users\\svnhu\\CS184-Remi\\team12-remi\\remi-app\\constants\\Colors.ts","statementMap":{"0":{"start":{"line":6,"column":23},"end":{"line":6,"column":32}},"1":{"start":{"line":7,"column":22},"end":{"line":7,"column":28}},"2":{"start":{"line":9,"column":22},"end":{"line":26,"column":1}}},"fnMap":{},"branchMap":{},"s":{"0":0,"1":0,"2":0},"f":{},"b":{}}
,"C:\\Users\\svnhu\\CS184-Remi\\team12-remi\\remi-app\\hooks\\useColorScheme.ts": {"path":"C:\\Users\\svnhu\\CS184-Remi\\team12-remi\\remi-app\\hooks\\useColorScheme.ts","statementMap":{},"fnMap":{},"branchMap":{},"s":{},"f":{},"b":{}}
,"C:\\Users\\svnhu\\CS184-Remi\\team12-remi\\remi-app\\hooks\\useColorScheme.web.ts": {"path":"C:\\Users\\svnhu\\CS184-Remi\\team12-remi\\remi-app\\hooks\\useColorScheme.web.ts","statementMap":{"0":{"start":{"line":7,"column":2},"end":{"line":7,"column":17}}},"fnMap":{"0":{"name":"useColorScheme","decl":{"start":{"line":6,"column":16},"end":{"line":6,"column":30}},"loc":{"start":{"line":6,"column":33},"end":{"line":8,"column":1}},"line":6}},"branchMap":{},"s":{"0":0},"f":{"0":0},"b":{}}
,"C:\\Users\\svnhu\\CS184-Remi\\team12-remi\\remi-app\\hooks\\useThemeColor.ts": {"path":"C:\\Users\\svnhu\\CS184-Remi\\team12-remi\\remi-app\\hooks\\useThemeColor.ts","statementMap":{"0":{"start":{"line":14,"column":16},"end":{"line":14,"column":43}},"1":{"start":{"line":15,"column":25},"end":{"line":15,"column":37}},"2":{"start":{"line":17,"column":2},"end":{"line":21,"column":3}},"3":{"start":{"line":18,"column":4},"end":{"line":18,"column":26}},"4":{"start":{"line":20,"column":4},"end":{"line":20,"column":36}}},"fnMap":{"0":{"name":"useThemeColor","decl":{"start":{"line":10,"column":16},"end":{"line":10,"column":29}},"loc":{"start":{"line":13,"column":2},"end":{"line":22,"column":1}},"line":13}},"branchMap":{"0":{"loc":{"start":{"line":14,"column":16},"end":{"line":14,"column":43}},"type":"binary-expr","locations":[{"start":{"line":14,"column":16},"end":{"line":14,"column":32}},{"start":{"line":14,"column":36},"end":{"line":14,"column":43}}],"line":14},"1":{"loc":{"start":{"line":17,"column":2},"end":{"line":21,"column":3}},"type":"if","locations":[{"start":{"line":17,"column":2},"end":{"line":21,"column":3}},{"start":{"line":19,"column":9},"end":{"line":21,"column":3}}],"line":17}},"s":{"0":0,"1":0,"2":0,"3":0,"4":0},"f":{"0":0},"b":{"0":[0,0],"1":[0,0]}}
}
