TN:
SF:expo-env.d.ts
FNF:0
FNH:0
LF:0
LH:0
BRF:0
BRH:0
end_of_record
TN:
SF:firebaseConfig.ts
FNF:0
FNH:0
DA:15,0
DA:26,0
DA:29,0
DA:30,0
DA:31,0
LF:5
LH:0
BRF:0
BRH:0
end_of_record
TN:
SF:.expo\types\router.d.ts
FNF:0
FNH:0
LF:0
LH:0
BRF:0
BRH:0
end_of_record
TN:
SF:app\_layout.tsx
FN:7,RootLayout
FN:13,(anonymous_1)
FN:19,(anonymous_2)
FN:24,(anonymous_3)
FNF:4
FNH:0
FNDA:0,RootLayout
FNDA:0,(anonymous_1)
FNDA:0,(anonymous_2)
FNDA:0,(anonymous_3)
DA:8,0
DA:9,0
DA:10,0
DA:11,0
DA:13,0
DA:14,0
DA:15,0
DA:16,0
DA:19,0
DA:20,0
DA:21,0
DA:24,0
DA:25,0
DA:27,0
DA:28,0
DA:30,0
DA:31,0
DA:32,0
DA:33,0
DA:37,0
DA:38,0
DA:51,0
LF:22
LH:0
BRDA:16,0,0,0
BRDA:16,0,1,0
BRDA:25,1,0,0
BRDA:25,1,1,0
BRDA:28,2,0,0
BRDA:28,2,1,0
BRDA:30,3,0,0
BRDA:30,3,1,0
BRDA:30,4,0,0
BRDA:30,4,1,0
BRDA:32,5,0,0
BRDA:32,5,1,0
BRDA:32,6,0,0
BRDA:32,6,1,0
BRDA:37,7,0,0
BRDA:37,7,1,0
BRF:16
BRH:0
end_of_record
TN:
SF:app\index.tsx
FN:36,Index
FN:42,(anonymous_1)
FN:111,(anonymous_2)
FNF:3
FNH:0
FNDA:0,Index
FNDA:0,(anonymous_1)
FNDA:0,(anonymous_2)
DA:37,0
DA:38,0
DA:39,0
DA:40,0
DA:42,0
DA:43,0
DA:44,0
DA:45,0
DA:47,0
DA:48,0
DA:50,0
DA:54,0
DA:61,0
DA:62,0
DA:65,0
DA:111,0
DA:124,0
LF:17
LH:0
BRDA:61,0,0,0
BRDA:61,0,1,0
BRDA:101,1,0,0
BRDA:101,1,1,0
BRF:4
BRH:0
end_of_record
TN:
SF:app\notifications.tsx
FN:35,(anonymous_0)
FN:40,(anonymous_1)
FN:49,(anonymous_2)
FN:50,(anonymous_3)
FN:57,(anonymous_4)
FN:61,(anonymous_5)
FN:73,(anonymous_6)
FN:93,(anonymous_7)
FN:104,(anonymous_8)
FN:108,(anonymous_9)
FN:112,(anonymous_10)
FN:127,(anonymous_11)
FN:128,(anonymous_12)
FN:151,(anonymous_13)
FN:158,(anonymous_14)
FNF:15
FNH:0
FNDA:0,(anonymous_0)
FNDA:0,(anonymous_1)
FNDA:0,(anonymous_2)
FNDA:0,(anonymous_3)
FNDA:0,(anonymous_4)
FNDA:0,(anonymous_5)
FNDA:0,(anonymous_6)
FNDA:0,(anonymous_7)
FNDA:0,(anonymous_8)
FNDA:0,(anonymous_9)
FNDA:0,(anonymous_10)
FNDA:0,(anonymous_11)
FNDA:0,(anonymous_12)
FNDA:0,(anonymous_13)
FNDA:0,(anonymous_14)
DA:35,0
DA:36,0
DA:37,0
DA:38,0
DA:40,0
DA:42,0
DA:43,0
DA:49,0
DA:50,0
DA:54,0
DA:57,0
DA:61,0
DA:62,0
DA:63,0
DA:65,0
DA:66,0
DA:70,0
DA:72,0
DA:73,0
DA:74,0
DA:79,0
DA:83,0
DA:87,0
DA:89,0
DA:93,0
DA:94,0
DA:95,0
DA:98,0
DA:100,0
DA:104,0
DA:105,0
DA:108,0
DA:112,0
DA:117,0
DA:127,0
DA:129,0
DA:151,0
DA:158,0
DA:178,0
LF:39
LH:0
BRDA:42,0,0,0
BRDA:42,0,1,0
BRDA:122,1,0,0
BRDA:122,1,1,0
BRF:4
BRH:0
end_of_record
TN:
SF:app\poo.tsx
FN:36,Index
FN:42,(anonymous_1)
FN:111,(anonymous_2)
FNF:3
FNH:0
FNDA:0,Index
FNDA:0,(anonymous_1)
FNDA:0,(anonymous_2)
DA:37,0
DA:38,0
DA:39,0
DA:40,0
DA:42,0
DA:43,0
DA:44,0
DA:45,0
DA:47,0
DA:48,0
DA:50,0
DA:54,0
DA:61,0
DA:62,0
DA:65,0
DA:111,0
DA:124,0
LF:17
LH:0
BRDA:61,0,0,0
BRDA:61,0,1,0
BRDA:101,1,0,0
BRDA:101,1,1,0
BRF:4
BRH:0
end_of_record
TN:
SF:app\(auth)\BookmarksTab.tsx
FN:13,(anonymous_0)
FNF:1
FNH:0
FNDA:0,(anonymous_0)
DA:13,0
DA:14,0
LF:2
LH:0
BRF:0
BRH:0
end_of_record
TN:
SF:app\(auth)\HashtagsTab.tsx
FN:21,(anonymous_0)
FN:27,(anonymous_1)
FN:41,(anonymous_2)
FN:45,(anonymous_3)
FN:59,(anonymous_4)
FN:80,(anonymous_5)
FN:81,(anonymous_6)
FNF:7
FNH:0
FNDA:0,(anonymous_0)
FNDA:0,(anonymous_1)
FNDA:0,(anonymous_2)
FNDA:0,(anonymous_3)
FNDA:0,(anonymous_4)
FNDA:0,(anonymous_5)
FNDA:0,(anonymous_6)
DA:21,0
DA:22,0
DA:23,0
DA:24,0
DA:27,0
DA:28,0
DA:29,0
DA:30,0
DA:31,0
DA:34,0
DA:35,0
DA:36,0
DA:37,0
DA:40,0
DA:42,0
DA:43,0
DA:45,0
DA:47,0
DA:49,0
DA:50,0
DA:53,0
DA:54,0
DA:59,0
DA:60,0
DA:63,0
DA:80,0
DA:82,0
DA:93,0
LF:28
LH:0
BRDA:28,0,0,0
BRDA:28,0,1,0
BRDA:45,1,0,0
BRDA:45,1,1,0
BRDA:49,2,0,0
BRDA:49,2,1,0
BRDA:75,3,0,0
BRDA:75,3,1,0
BRF:8
BRH:0
end_of_record
TN:
SF:app\(auth)\Next.tsx
FN:33,(anonymous_0)
FN:43,(anonymous_1)
FN:46,(anonymous_2)
FN:51,(anonymous_3)
FN:55,(anonymous_4)
FN:67,App
FN:78,(anonymous_6)
FN:89,(anonymous_7)
FN:138,(anonymous_8)
FN:157,(anonymous_9)
FN:172,(anonymous_10)
FN:185,(anonymous_11)
FNF:12
FNH:0
FNDA:0,(anonymous_0)
FNDA:0,(anonymous_1)
FNDA:0,(anonymous_2)
FNDA:0,(anonymous_3)
FNDA:0,(anonymous_4)
FNDA:0,App
FNDA:0,(anonymous_6)
FNDA:0,(anonymous_7)
FNDA:0,(anonymous_8)
FNDA:0,(anonymous_9)
FNDA:0,(anonymous_10)
FNDA:0,(anonymous_11)
DA:33,0
DA:34,0
DA:35,0
DA:36,0
DA:37,0
DA:38,0
DA:39,0
DA:40,0
DA:41,0
DA:43,0
DA:44,0
DA:47,0
DA:52,0
DA:53,0
DA:56,0
DA:57,0
DA:62,0
DA:63,0
DA:68,0
DA:69,0
DA:71,0
DA:72,0
DA:73,0
DA:74,0
DA:75,0
DA:76,0
DA:78,0
DA:79,0
DA:80,0
DA:82,0
DA:83,0
DA:85,0
DA:89,0
DA:90,0
DA:91,0
DA:92,0
DA:93,0
DA:95,0
DA:96,0
DA:97,0
DA:99,0
DA:100,0
DA:101,0
DA:103,0
DA:104,0
DA:105,0
DA:107,0
DA:108,0
DA:109,0
DA:110,0
DA:112,0
DA:113,0
DA:126,0
DA:127,0
DA:128,0
DA:131,0
DA:132,0
DA:134,0
DA:138,0
DA:139,0
DA:140,0
DA:141,0
DA:144,0
DA:157,0
DA:172,0
DA:185,0
DA:205,0
LF:67
LH:0
BRDA:36,0,0,0
BRDA:36,0,1,0
BRDA:38,1,0,0
BRDA:38,1,1,0
BRDA:79,2,0,0
BRDA:79,2,1,0
BRDA:82,3,0,0
BRDA:82,3,1,0
BRDA:91,4,0,0
BRDA:91,4,1,0
BRDA:95,5,0,0
BRDA:95,5,1,0
BRDA:99,6,0,0
BRDA:99,6,1,0
BRDA:107,7,0,0
BRDA:107,7,1,0
BRDA:131,8,0,0
BRDA:131,8,1,0
BRDA:198,9,0,0
BRDA:198,9,1,0
BRF:20
BRH:0
end_of_record
TN:
SF:app\(auth)\PostsTab.tsx
FN:48,(anonymous_0)
FN:53,(anonymous_1)
FN:63,(anonymous_2)
FN:75,(anonymous_3)
FN:78,(anonymous_4)
FN:86,(anonymous_5)
FN:87,(anonymous_6)
FNF:7
FNH:0
FNDA:0,(anonymous_0)
FNDA:0,(anonymous_1)
FNDA:0,(anonymous_2)
FNDA:0,(anonymous_3)
FNDA:0,(anonymous_4)
FNDA:0,(anonymous_5)
FNDA:0,(anonymous_6)
DA:48,0
DA:49,0
DA:50,0
DA:53,0
DA:54,0
DA:55,0
DA:56,0
DA:61,0
DA:62,0
DA:63,0
DA:64,0
DA:66,0
DA:67,0
DA:69,0
DA:75,0
DA:76,0
DA:77,0
DA:78,0
DA:81,0
DA:86,0
DA:88,0
LF:21
LH:0
BRDA:66,0,0,0
BRDA:66,0,1,0
BRDA:91,1,0,0
BRDA:91,1,1,0
BRDA:93,2,0,0
BRDA:93,2,1,0
BRDA:97,3,0,0
BRDA:97,3,1,0
BRDA:98,4,0,0
BRDA:98,4,1,0
BRDA:99,5,0,0
BRDA:99,5,1,0
BRDA:100,6,0,0
BRDA:100,6,1,0
BRDA:101,7,0,0
BRDA:101,7,1,0
BRDA:102,8,0,0
BRDA:102,8,1,0
BRDA:103,9,0,0
BRDA:103,9,1,0
BRDA:104,10,0,0
BRDA:104,10,1,0
BRDA:105,11,0,0
BRDA:105,11,1,0
BRF:24
BRH:0
end_of_record
TN:
SF:app\(auth)\UsersTab.tsx
FN:32,(anonymous_0)
FN:39,(anonymous_1)
FN:49,(anonymous_2)
FN:54,(anonymous_3)
FN:60,(anonymous_4)
FN:64,(anonymous_5)
FN:65,(anonymous_6)
FN:71,(anonymous_7)
FN:81,(anonymous_8)
FN:88,(anonymous_9)
FN:97,(anonymous_10)
FN:105,(anonymous_11)
FN:138,(anonymous_12)
FN:152,(anonymous_13)
FN:180,(anonymous_14)
FNF:15
FNH:0
FNDA:0,(anonymous_0)
FNDA:0,(anonymous_1)
FNDA:0,(anonymous_2)
FNDA:0,(anonymous_3)
FNDA:0,(anonymous_4)
FNDA:0,(anonymous_5)
FNDA:0,(anonymous_6)
FNDA:0,(anonymous_7)
FNDA:0,(anonymous_8)
FNDA:0,(anonymous_9)
FNDA:0,(anonymous_10)
FNDA:0,(anonymous_11)
FNDA:0,(anonymous_12)
FNDA:0,(anonymous_13)
FNDA:0,(anonymous_14)
DA:32,0
DA:33,0
DA:34,0
DA:35,0
DA:36,0
DA:37,0
DA:39,0
DA:40,0
DA:41,0
DA:42,0
DA:46,0
DA:47,0
DA:50,0
DA:51,0
DA:55,0
DA:60,0
DA:61,0
DA:62,0
DA:65,0
DA:69,0
DA:72,0
DA:76,0
DA:79,0
DA:81,0
DA:82,0
DA:83,0
DA:88,0
DA:89,0
DA:91,0
DA:92,0
DA:93,0
DA:96,0
DA:98,0
DA:102,0
DA:105,0
DA:106,0
DA:108,0
DA:109,0
DA:110,0
DA:117,0
DA:119,0
DA:120,0
DA:124,0
DA:127,0
DA:132,0
DA:134,0
DA:138,0
DA:139,0
DA:141,0
DA:152,0
DA:158,0
DA:159,0
DA:168,0
DA:169,0
DA:176,0
DA:181,0
DA:189,0
LF:57
LH:0
BRDA:40,0,0,0
BRDA:40,0,1,0
BRDA:50,1,0,0
BRDA:50,1,1,0
BRDA:51,2,0,0
BRDA:51,2,1,0
BRDA:89,3,0,0
BRDA:89,3,1,0
BRDA:91,4,0,0
BRDA:91,4,1,0
BRDA:98,5,0,0
BRDA:98,5,1,0
BRDA:98,5,2,0
BRDA:106,6,0,0
BRDA:106,6,1,0
BRDA:119,7,0,0
BRDA:119,7,1,0
BRDA:145,8,0,0
BRDA:145,8,1,0
BRDA:158,9,0,0
BRDA:158,9,1,0
BRDA:168,10,0,0
BRDA:168,10,1,0
BRDA:179,11,0,0
BRDA:179,11,1,0
BRDA:183,12,0,0
BRDA:183,12,1,0
BRF:27
BRH:0
end_of_record
TN:
SF:app\(auth)\_layout.tsx
FN:7,(anonymous_0)
FN:13,(anonymous_1)
FN:21,(anonymous_2)
FN:26,(anonymous_3)
FNF:4
FNH:0
FNDA:0,(anonymous_0)
FNDA:0,(anonymous_1)
FNDA:0,(anonymous_2)
FNDA:0,(anonymous_3)
DA:7,0
DA:8,0
DA:9,0
DA:10,0
DA:11,0
DA:13,0
DA:14,0
DA:15,0
DA:17,0
DA:18,0
DA:21,0
DA:22,0
DA:23,0
DA:26,0
DA:27,0
DA:30,0
DA:32,0
DA:34,0
DA:35,0
DA:36,0
DA:37,0
DA:40,0
LF:22
LH:0
BRDA:18,0,0,0
BRDA:18,0,1,0
BRDA:27,1,0,0
BRDA:27,1,1,0
BRDA:32,2,0,0
BRDA:32,2,1,0
BRDA:34,3,0,0
BRDA:34,3,1,0
BRDA:34,4,0,0
BRDA:34,4,1,0
BRDA:36,5,0,0
BRDA:36,5,1,0
BRDA:36,6,0,0
BRDA:36,6,1,0
BRF:14
BRH:0
end_of_record
TN:
SF:app\(auth)\register.tsx
FN:25,Register
FN:31,(anonymous_1)
FN:39,(anonymous_2)
FNF:3
FNH:0
FNDA:0,Register
FNDA:0,(anonymous_1)
FNDA:0,(anonymous_2)
DA:26,0
DA:27,0
DA:28,0
DA:29,0
DA:31,0
DA:32,0
DA:33,0
DA:34,0
DA:36,0
DA:39,0
DA:40,0
DA:41,0
DA:42,0
DA:43,0
DA:44,0
DA:45,0
DA:46,0
DA:49,0
DA:54,0
DA:56,0
DA:63,0
DA:65,0
DA:66,0
DA:67,0
DA:71,0
DA:74,0
DA:78,0
DA:119,0
LF:28
LH:0
BRDA:43,0,0,0
BRDA:43,0,1,0
BRDA:66,1,0,0
BRDA:66,1,1,0
BRDA:109,2,0,0
BRDA:109,2,1,0
BRF:6
BRH:0
end_of_record
TN:
SF:app\(auth)\(tabs)\_layout.tsx
FN:3,(anonymous_0)
FN:11,(anonymous_1)
FN:32,(anonymous_2)
FN:44,(anonymous_3)
FN:55,(anonymous_4)
FN:66,(anonymous_5)
FNF:6
FNH:0
FNDA:0,(anonymous_0)
FNDA:0,(anonymous_1)
FNDA:0,(anonymous_2)
FNDA:0,(anonymous_3)
FNDA:0,(anonymous_4)
FNDA:0,(anonymous_5)
DA:3,0
DA:4,0
DA:12,0
DA:33,0
DA:45,0
DA:56,0
DA:67,0
LF:7
LH:0
BRF:0
BRH:0
end_of_record
TN:
SF:app\(auth)\(tabs)\add-recipe.tsx
FN:59,(anonymous_0)
FN:66,(anonymous_1)
FN:89,(anonymous_2)
FN:94,(anonymous_3)
FN:94,(anonymous_4)
FN:101,(anonymous_5)
FNF:6
FNH:0
FNDA:0,(anonymous_0)
FNDA:0,(anonymous_1)
FNDA:0,(anonymous_2)
FNDA:0,(anonymous_3)
FNDA:0,(anonymous_4)
FNDA:0,(anonymous_5)
DA:25,0
DA:59,0
DA:60,0
DA:61,0
DA:62,0
DA:63,0
DA:64,0
DA:66,0
DA:67,0
DA:69,0
DA:70,0
DA:71,0
DA:72,0
DA:74,0
DA:80,0
DA:81,0
DA:85,0
DA:89,0
DA:90,0
DA:93,0
DA:94,0
DA:101,0
DA:103,0
DA:104,0
DA:105,0
DA:116,0
DA:247,0
LF:27
LH:0
BRDA:70,0,0,0
BRDA:70,0,1,0
BRDA:80,1,0,0
BRDA:80,1,1,0
BRDA:135,2,0,0
BRDA:135,2,1,0
BRDA:150,3,0,0
BRDA:150,3,1,0
BRF:8
BRH:0
end_of_record
TN:
SF:app\(auth)\(tabs)\home.tsx
FN:40,(anonymous_0)
FN:107,(anonymous_1)
FN:121,(anonymous_2)
FN:136,(anonymous_3)
FN:152,(anonymous_4)
FN:156,(anonymous_5)
FN:160,(anonymous_6)
FN:161,(anonymous_7)
FN:167,(anonymous_8)
FN:168,(anonymous_9)
FN:180,(anonymous_10)
FN:301,(anonymous_11)
FN:314,(anonymous_12)
FN:324,(anonymous_13)
FN:336,(anonymous_14)
FN:340,(anonymous_15)
FN:349,(anonymous_16)
FN:350,(anonymous_17)
FN:357,(anonymous_18)
FN:361,(anonymous_19)
FN:364,(anonymous_20)
FN:375,(anonymous_21)
FN:376,(anonymous_22)
FN:379,(anonymous_23)
FN:387,(anonymous_24)
FN:405,(anonymous_25)
FN:423,(anonymous_26)
FN:428,(anonymous_27)
FNF:28
FNH:0
FNDA:0,(anonymous_0)
FNDA:0,(anonymous_1)
FNDA:0,(anonymous_2)
FNDA:0,(anonymous_3)
FNDA:0,(anonymous_4)
FNDA:0,(anonymous_5)
FNDA:0,(anonymous_6)
FNDA:0,(anonymous_7)
FNDA:0,(anonymous_8)
FNDA:0,(anonymous_9)
FNDA:0,(anonymous_10)
FNDA:0,(anonymous_11)
FNDA:0,(anonymous_12)
FNDA:0,(anonymous_13)
FNDA:0,(anonymous_14)
FNDA:0,(anonymous_15)
FNDA:0,(anonymous_16)
FNDA:0,(anonymous_17)
FNDA:0,(anonymous_18)
FNDA:0,(anonymous_19)
FNDA:0,(anonymous_20)
FNDA:0,(anonymous_21)
FNDA:0,(anonymous_22)
FNDA:0,(anonymous_23)
FNDA:0,(anonymous_24)
FNDA:0,(anonymous_25)
FNDA:0,(anonymous_26)
FNDA:0,(anonymous_27)
DA:40,0
DA:41,0
DA:42,0
DA:43,0
DA:44,0
DA:45,0
DA:46,0
DA:48,0
DA:49,0
DA:50,0
DA:51,0
DA:52,0
DA:53,0
DA:54,0
DA:55,0
DA:57,0
DA:61,0
DA:107,0
DA:108,0
DA:109,0
DA:110,0
DA:111,0
DA:112,0
DA:113,0
DA:116,0
DA:118,0
DA:121,0
DA:134,0
DA:135,0
DA:136,0
DA:137,0
DA:138,0
DA:139,0
DA:140,0
DA:141,0
DA:142,0
DA:145,0
DA:147,0
DA:150,0
DA:152,0
DA:153,0
DA:156,0
DA:157,0
DA:160,0
DA:161,0
DA:162,0
DA:163,0
DA:165,0
DA:167,0
DA:168,0
DA:169,0
DA:170,0
DA:172,0
DA:173,0
DA:175,0
DA:178,0
DA:181,0
DA:182,0
DA:186,0
DA:301,0
DA:302,0
DA:303,0
DA:304,0
DA:307,0
DA:310,0
DA:311,0
DA:314,0
DA:315,0
DA:316,0
DA:317,0
DA:319,0
DA:320,0
DA:321,0
DA:322,0
DA:323,0
DA:324,0
DA:325,0
DA:327,0
DA:328,0
DA:330,0
DA:336,0
DA:337,0
DA:340,0
DA:342,0
DA:343,0
DA:349,0
DA:350,0
DA:354,0
DA:357,0
DA:361,0
DA:362,0
DA:365,0
DA:366,0
DA:367,0
DA:369,0
DA:370,0
DA:374,0
DA:376,0
DA:377,0
DA:380,0
DA:387,0
DA:390,0
DA:405,0
DA:424,0
DA:425,0
DA:426,0
DA:429,0
DA:458,0
LF:108
LH:0
BRDA:48,0,0,0
BRDA:48,0,1,0
BRDA:49,1,0,0
BRDA:49,1,1,0
BRDA:50,2,0,0
BRDA:50,2,1,0
BRDA:51,3,0,0
BRDA:51,3,1,0
BRDA:52,4,0,0
BRDA:52,4,1,0
BRDA:53,5,0,0
BRDA:53,5,1,0
BRDA:54,6,0,0
BRDA:54,6,1,0
BRDA:55,7,0,0
BRDA:55,7,1,0
BRDA:111,8,0,0
BRDA:111,8,1,0
BRDA:140,9,0,0
BRDA:140,9,1,0
BRDA:142,10,0,0
BRDA:142,10,1,0
BRDA:182,11,0,0
BRDA:182,11,1,0
BRDA:192,12,0,0
BRDA:192,12,1,0
BRDA:219,13,0,0
BRDA:219,13,1,0
BRDA:316,14,0,0
BRDA:316,14,1,0
BRDA:327,15,0,0
BRDA:327,15,1,0
BRDA:342,16,0,0
BRDA:342,16,1,0
BRDA:363,17,0,0
BRDA:363,17,1,0
BRDA:365,18,0,0
BRDA:365,18,1,0
BRDA:367,19,0,0
BRDA:367,19,1,0
BRDA:369,20,0,0
BRDA:369,20,1,0
BRDA:412,21,0,0
BRDA:412,21,1,0
BRDA:424,22,0,0
BRDA:424,22,1,0
BRDA:425,23,0,0
BRDA:425,23,1,0
BRDA:432,24,0,0
BRDA:432,24,1,0
BRDA:434,25,0,0
BRDA:434,25,1,0
BRDA:438,26,0,0
BRDA:438,26,1,0
BRDA:439,27,0,0
BRDA:439,27,1,0
BRDA:440,28,0,0
BRDA:440,28,1,0
BRDA:441,29,0,0
BRDA:441,29,1,0
BRDA:442,30,0,0
BRDA:442,30,1,0
BRDA:443,31,0,0
BRDA:443,31,1,0
BRDA:444,32,0,0
BRDA:444,32,1,0
BRDA:445,33,0,0
BRDA:445,33,1,0
BRDA:446,34,0,0
BRDA:446,34,1,0
BRDA:472,35,0,0
BRDA:472,35,1,0
BRF:72
BRH:0
end_of_record
TN:
SF:app\(auth)\(tabs)\profile.tsx
FN:32,(anonymous_0)
FN:42,(anonymous_1)
FN:45,(anonymous_2)
FN:50,(anonymous_3)
FN:54,(anonymous_4)
FN:72,(anonymous_5)
FN:75,(anonymous_6)
FN:101,Component
FN:116,(anonymous_8)
FN:117,(anonymous_9)
FN:140,(anonymous_10)
FN:147,(anonymous_11)
FN:166,(anonymous_12)
FN:172,(anonymous_13)
FN:187,(anonymous_14)
FN:204,(anonymous_15)
FN:225,(anonymous_16)
FN:257,(anonymous_17)
FN:278,(anonymous_18)
FN:291,(anonymous_19)
FNF:20
FNH:0
FNDA:0,(anonymous_0)
FNDA:0,(anonymous_1)
FNDA:0,(anonymous_2)
FNDA:0,(anonymous_3)
FNDA:0,(anonymous_4)
FNDA:0,(anonymous_5)
FNDA:0,(anonymous_6)
FNDA:0,Component
FNDA:0,(anonymous_8)
FNDA:0,(anonymous_9)
FNDA:0,(anonymous_10)
FNDA:0,(anonymous_11)
FNDA:0,(anonymous_12)
FNDA:0,(anonymous_13)
FNDA:0,(anonymous_14)
FNDA:0,(anonymous_15)
FNDA:0,(anonymous_16)
FNDA:0,(anonymous_17)
FNDA:0,(anonymous_18)
FNDA:0,(anonymous_19)
DA:30,1
DA:31,1
DA:32,1
DA:33,0
DA:34,0
DA:35,0
DA:36,0
DA:37,0
DA:38,0
DA:39,0
DA:40,0
DA:42,0
DA:43,0
DA:46,0
DA:51,0
DA:52,0
DA:55,0
DA:56,0
DA:57,0
DA:58,0
DA:60,0
DA:66,0
DA:67,0
DA:72,1
DA:73,0
DA:75,0
DA:76,0
DA:78,0
DA:79,0
DA:80,0
DA:81,0
DA:83,0
DA:89,0
DA:90,0
DA:93,0
DA:97,0
DA:99,1
DA:102,0
DA:103,0
DA:106,0
DA:107,0
DA:108,0
DA:109,0
DA:110,0
DA:111,0
DA:112,0
DA:113,0
DA:114,0
DA:116,0
DA:117,0
DA:118,0
DA:119,0
DA:120,0
DA:121,0
DA:122,0
DA:123,0
DA:124,0
DA:125,0
DA:126,0
DA:127,0
DA:130,0
DA:132,0
DA:137,0
DA:140,0
DA:141,0
DA:142,0
DA:143,0
DA:147,0
DA:148,0
DA:150,0
DA:151,0
DA:152,0
DA:154,0
DA:155,0
DA:156,0
DA:157,0
DA:159,0
DA:160,0
DA:162,0
DA:166,0
DA:167,0
DA:168,0
DA:172,0
DA:173,0
DA:174,0
DA:175,0
DA:177,0
DA:178,0
DA:179,0
DA:180,0
DA:182,0
DA:183,0
DA:187,0
DA:188,0
DA:189,0
DA:190,0
DA:191,0
DA:193,0
DA:194,0
DA:195,0
DA:196,0
DA:197,0
DA:199,0
DA:200,0
DA:204,0
DA:205,0
DA:206,0
DA:207,0
DA:210,0
DA:211,0
DA:218,0
DA:225,0
DA:258,0
DA:278,0
DA:291,0
DA:319,1
LF:116
LH:6
BRDA:35,0,0,0
BRDA:35,0,1,0
BRDA:37,1,0,0
BRDA:37,1,1,0
BRDA:79,2,0,0
BRDA:79,2,1,0
BRDA:89,3,0,0
BRDA:89,3,1,0
BRDA:118,4,0,0
BRDA:118,4,1,0
BRDA:122,5,0,0
BRDA:122,5,1,0
BRDA:125,6,0,0
BRDA:125,6,1,0
BRDA:126,7,0,0
BRDA:126,7,1,0
BRDA:127,8,0,0
BRDA:127,8,1,0
BRDA:141,9,0,0
BRDA:141,9,1,0
BRDA:148,10,0,0
BRDA:148,10,1,0
BRDA:167,11,0,0
BRDA:167,11,1,0
BRDA:167,12,0,0
BRDA:167,12,1,0
BRDA:173,13,0,0
BRDA:173,13,1,0
BRDA:174,14,0,0
BRDA:174,14,1,0
BRDA:188,15,0,0
BRDA:188,15,1,0
BRDA:189,16,0,0
BRDA:189,16,1,0
BRDA:210,17,0,0
BRDA:210,17,1,0
BRDA:250,18,0,0
BRDA:250,18,1,0
BRDA:275,19,0,0
BRDA:275,19,1,0
BRDA:302,20,0,0
BRDA:302,20,1,0
BRF:42
BRH:0
end_of_record
TN:
SF:app\(auth)\(tabs)\search.tsx
FN:34,(anonymous_0)
FN:42,(anonymous_1)
FN:51,(anonymous_2)
FN:56,(anonymous_3)
FN:61,(anonymous_4)
FN:65,(anonymous_5)
FN:66,(anonymous_6)
FN:72,(anonymous_7)
FN:82,(anonymous_8)
FN:88,(anonymous_9)
FN:97,(anonymous_10)
FN:105,(anonymous_11)
FN:119,(anonymous_12)
FN:125,(anonymous_13)
FN:190,(anonymous_14)
FNF:15
FNH:0
FNDA:0,(anonymous_0)
FNDA:0,(anonymous_1)
FNDA:0,(anonymous_2)
FNDA:0,(anonymous_3)
FNDA:0,(anonymous_4)
FNDA:0,(anonymous_5)
FNDA:0,(anonymous_6)
FNDA:0,(anonymous_7)
FNDA:0,(anonymous_8)
FNDA:0,(anonymous_9)
FNDA:0,(anonymous_10)
FNDA:0,(anonymous_11)
FNDA:0,(anonymous_12)
FNDA:0,(anonymous_13)
FNDA:0,(anonymous_14)
DA:34,0
DA:35,0
DA:36,0
DA:37,0
DA:38,0
DA:39,0
DA:40,0
DA:42,0
DA:43,0
DA:44,0
DA:45,0
DA:48,0
DA:49,0
DA:52,0
DA:53,0
DA:57,0
DA:61,0
DA:62,0
DA:63,0
DA:66,0
DA:70,0
DA:73,0
DA:77,0
DA:80,0
DA:82,0
DA:83,0
DA:84,0
DA:88,0
DA:89,0
DA:91,0
DA:92,0
DA:93,0
DA:94,0
DA:96,0
DA:98,0
DA:102,0
DA:105,0
DA:106,0
DA:108,0
DA:119,0
DA:125,0
DA:126,0
DA:128,0
DA:129,0
DA:130,0
DA:137,0
DA:139,0
DA:140,0
DA:144,0
DA:147,0
DA:152,0
DA:154,0
DA:158,0
DA:159,0
DA:168,0
DA:169,0
DA:176,0
DA:190,0
DA:202,0
LF:59
LH:0
BRDA:43,0,0,0
BRDA:43,0,1,0
BRDA:52,1,0,0
BRDA:52,1,1,0
BRDA:53,2,0,0
BRDA:53,2,1,0
BRDA:89,3,0,0
BRDA:89,3,1,0
BRDA:92,4,0,0
BRDA:92,4,1,0
BRDA:98,5,0,0
BRDA:98,5,1,0
BRDA:98,5,2,0
BRDA:112,6,0,0
BRDA:112,6,1,0
BRDA:126,7,0,0
BRDA:126,7,1,0
BRDA:139,8,0,0
BRDA:139,8,1,0
BRDA:158,9,0,0
BRDA:158,9,1,0
BRDA:168,10,0,0
BRDA:168,10,1,0
BRDA:183,11,0,0
BRDA:183,11,1,0
BRDA:193,12,0,0
BRDA:193,12,1,0
BRF:27
BRH:0
end_of_record
TN:
SF:components\Collapsible.tsx
FN:9,Collapsible
FN:17,(anonymous_1)
FN:17,(anonymous_2)
FNF:3
FNH:0
FNDA:0,Collapsible
FNDA:0,(anonymous_1)
FNDA:0,(anonymous_2)
DA:10,0
DA:11,0
DA:13,0
DA:17,0
DA:31,0
LF:5
LH:0
BRDA:11,0,0,0
BRDA:11,0,1,0
BRDA:20,1,0,0
BRDA:20,1,1,0
BRDA:22,2,0,0
BRDA:22,2,1,0
BRDA:26,3,0,0
BRDA:26,3,1,0
BRF:8
BRH:0
end_of_record
TN:
SF:components\ExternalLink.tsx
FN:8,ExternalLink
FN:14,(anonymous_1)
FNF:2
FNH:0
FNDA:0,ExternalLink
FNDA:0,(anonymous_1)
DA:9,0
DA:15,0
DA:17,0
DA:19,0
LF:4
LH:0
BRDA:15,0,0,0
BRDA:15,0,1,0
BRF:2
BRH:0
end_of_record
TN:
SF:components\HelloWave.tsx
FN:12,HelloWave
FN:20,(anonymous_1)
FNF:2
FNH:0
FNDA:0,HelloWave
FNDA:0,(anonymous_1)
DA:13,0
DA:15,0
DA:20,0
DA:24,0
DA:31,0
LF:5
LH:0
BRF:0
BRH:0
end_of_record
TN:
SF:components\ParallaxScrollView.tsx
FN:19,ParallaxScrollView
FN:28,(anonymous_1)
FNF:2
FNH:0
FNDA:0,ParallaxScrollView
FNDA:0,(anonymous_1)
DA:12,0
DA:24,0
DA:25,0
DA:26,0
DA:28,0
DA:29,0
DA:45,0
DA:62,0
LF:8
LH:0
BRDA:24,0,0,0
BRDA:24,0,1,0
BRF:2
BRH:0
end_of_record
TN:
SF:components\Spacer.tsx
FN:9,(anonymous_0)
FNF:1
FNH:0
FNDA:0,(anonymous_0)
DA:9,0
DA:10,0
LF:2
LH:0
BRF:0
BRH:0
end_of_record
TN:
SF:components\ThemedText.tsx
FN:11,ThemedText
FNF:1
FNH:0
FNDA:0,ThemedText
DA:18,0
DA:20,0
DA:36,0
LF:3
LH:0
BRDA:15,0,0,0
BRDA:24,1,0,0
BRDA:24,1,1,0
BRDA:25,2,0,0
BRDA:25,2,1,0
BRDA:26,3,0,0
BRDA:26,3,1,0
BRDA:27,4,0,0
BRDA:27,4,1,0
BRDA:28,5,0,0
BRDA:28,5,1,0
BRF:11
BRH:0
end_of_record
TN:
SF:components\ThemedView.tsx
FN:10,ThemedView
FNF:1
FNH:0
FNDA:0,ThemedView
DA:11,0
DA:13,0
LF:2
LH:0
BRF:0
BRH:0
end_of_record
TN:
SF:components\UniversalStyles.tsx
FNF:0
FNH:0
DA:3,1
LF:1
LH:1
BRF:0
BRH:0
end_of_record
TN:
SF:components\navigation\TabBarIcon.tsx
FN:7,TabBarIcon
FNF:1
FNH:0
FNDA:0,TabBarIcon
DA:8,0
LF:1
LH:0
BRF:0
BRH:0
end_of_record
TN:
SF:constants\Colors.ts
FNF:0
FNH:0
DA:6,0
DA:7,0
DA:9,0
LF:3
LH:0
BRF:0
BRH:0
end_of_record
TN:
SF:hooks\useColorScheme.ts
FNF:0
FNH:0
LF:0
LH:0
BRF:0
BRH:0
end_of_record
TN:
SF:hooks\useColorScheme.web.ts
FN:6,useColorScheme
FNF:1
FNH:0
FNDA:0,useColorScheme
DA:7,0
LF:1
LH:0
BRF:0
BRH:0
end_of_record
TN:
SF:hooks\useThemeColor.ts
FN:10,useThemeColor
FNF:1
FNH:0
FNDA:0,useThemeColor
DA:14,0
DA:15,0
DA:17,0
DA:18,0
DA:20,0
LF:5
LH:0
BRDA:14,0,0,0
BRDA:14,0,1,0
BRDA:17,1,0,0
BRDA:17,1,1,0
BRF:4
BRH:0
end_of_record
